TN:
SF:src\app\global-error.tsx
FN:9,GlobalError
FN:46,(anonymous_2)
FN:58,(anonymous_3)
FNF:3
FNH:0
FNDA:0,GlobalError
FNDA:0,(anonymous_2)
FNDA:0,(anonymous_3)
DA:9,0
DA:46,0
DA:58,0
LF:3
LH:0
BRF:0
BRH:0
end_of_record
TN:
SF:src\app\page.tsx
FN:6,OldPage
FN:9,(anonymous_2)
FNF:2
FNH:2
FNDA:4,OldPage
FNDA:4,(anonymous_2)
DA:3,1
DA:4,1
DA:6,4
DA:7,4
DA:9,4
DA:11,4
LF:6
LH:6
BRF:0
BRH:0
end_of_record
TN:
SF:src\app\(auth)\login\page.tsx
FN:2,LoginPage
FNF:1
FNH:1
FNDA:4,LoginPage
DA:1,1
DA:2,4
LF:2
LH:2
BRF:0
BRH:0
end_of_record
TN:
SF:src\app\(auth)\register\page.tsx
FN:2,RegisterPage
FNF:1
FNH:1
FNDA:4,RegisterPage
DA:1,1
DA:2,4
LF:2
LH:2
BRF:0
BRH:0
end_of_record
TN:
SF:src\app\(main)\(collect-Email)\email-options\page.tsx
FN:9,(anonymous_3)
FN:29,(anonymous_5)
FN:35,(anonymous_6)
FN:108,Page
FN:131,(anonymous_9)
FN:172,(anonymous_10)
FN:198,(anonymous_11)
FN:224,(anonymous_12)
FN:241,(anonymous_13)
FN:258,(anonymous_14)
FN:273,(anonymous_15)
FN:295,(anonymous_16)
FN:307,(anonymous_17)
FN:336,(anonymous_18)
FN:348,(anonymous_19)
FN:359,(anonymous_20)
FNF:16
FNH:0
FNDA:0,(anonymous_3)
FNDA:0,(anonymous_5)
FNDA:0,(anonymous_6)
FNDA:0,Page
FNDA:0,(anonymous_9)
FNDA:0,(anonymous_10)
FNDA:0,(anonymous_11)
FNDA:0,(anonymous_12)
FNDA:0,(anonymous_13)
FNDA:0,(anonymous_14)
FNDA:0,(anonymous_15)
FNDA:0,(anonymous_16)
FNDA:0,(anonymous_17)
FNDA:0,(anonymous_18)
FNDA:0,(anonymous_19)
FNDA:0,(anonymous_20)
DA:3,0
DA:4,0
DA:9,0
DA:29,0
DA:35,0
DA:108,0
DA:109,0
DA:110,0
DA:111,0
DA:112,0
DA:113,0
DA:114,0
DA:115,0
DA:116,0
DA:119,0
DA:120,0
DA:121,0
DA:122,0
DA:125,0
DA:126,0
DA:127,0
DA:128,0
DA:129,0
DA:131,0
DA:132,0
DA:172,0
DA:198,0
DA:224,0
DA:241,0
DA:258,0
DA:273,0
DA:295,0
DA:307,0
DA:336,0
DA:348,0
DA:359,0
LF:36
LH:0
BRDA:7,0,0,0
BRDA:9,1,0,0
BRDA:9,1,1,0
BRDA:11,2,0,0
BRDA:11,2,1,0
BRDA:12,3,0,0
BRDA:12,3,1,0
BRDA:17,4,0,0
BRDA:17,4,1,0
BRDA:65,5,0,0
BRDA:78,6,0,0
BRDA:153,7,0,0
BRDA:161,8,0,0
BRDA:286,9,0,0
BRDA:327,10,0,0
BRF:15
BRH:0
end_of_record
TN:
SF:src\app\(main)\(collect-Email)\email-users\page.tsx
FN:4,Page
FN:7,(anonymous_3)
FNF:2
FNH:1
FNDA:2,Page
FNDA:0,(anonymous_3)
DA:2,1
DA:4,1
DA:5,2
DA:7,2
DA:8,0
LF:5
LH:4
BRF:0
BRH:0
end_of_record
TN:
SF:src\app\(main)\(integration)\manual-integ\page.tsx
FN:7,(anonymous_5)
FN:9,(anonymous_6)
FN:41,(anonymous_7)
FN:44,(anonymous_8)
FN:83,ManualIntegrationPage
FNF:5
FNH:0
FNDA:0,(anonymous_5)
FNDA:0,(anonymous_6)
FNDA:0,(anonymous_7)
FNDA:0,(anonymous_8)
FNDA:0,ManualIntegrationPage
DA:2,0
DA:3,0
DA:4,0
DA:5,0
DA:7,0
DA:9,0
DA:10,0
DA:11,0
DA:15,0
DA:17,0
DA:39,0
DA:41,0
DA:42,0
DA:43,0
DA:44,0
DA:83,0
DA:84,0
LF:17
LH:0
BRDA:10,0,0,0
BRDA:59,1,0,0
BRDA:72,2,0,0
BRDA:90,3,0,0
BRDA:90,3,1,0
BRDA:110,4,0,0
BRF:6
BRH:0
end_of_record
TN:
SF:src\app\(main)\(integration)\public-amp-keys\page.tsx
FN:26,PAmpKeysPage
FNF:1
FNH:1
FNDA:2,PAmpKeysPage
DA:9,1
DA:10,1
DA:26,1
LF:3
LH:3
BRF:0
BRH:0
end_of_record
TN:
SF:src\app\(main)\(integration)\public-api-keys\page.tsx
FN:12,(anonymous_5)
FN:29,(anonymous_6)
FN:32,(anonymous_7)
FN:35,(anonymous_8)
FN:53,RestApiKeysPage
FN:65,(anonymous_10)
FN:74,(anonymous_11)
FN:148,(anonymous_12)
FN:153,(anonymous_13)
FN:167,(anonymous_14)
FN:184,(anonymous_15)
FN:187,(anonymous_16)
FNF:12
FNH:0
FNDA:0,(anonymous_5)
FNDA:0,(anonymous_6)
FNDA:0,(anonymous_7)
FNDA:0,(anonymous_8)
FNDA:0,RestApiKeysPage
FNDA:0,(anonymous_10)
FNDA:0,(anonymous_11)
FNDA:0,(anonymous_12)
FNDA:0,(anonymous_13)
FNDA:0,(anonymous_14)
FNDA:0,(anonymous_15)
FNDA:0,(anonymous_16)
DA:9,0
DA:10,0
DA:12,0
DA:29,0
DA:30,0
DA:32,0
DA:33,0
DA:34,0
DA:35,0
DA:53,0
DA:54,0
DA:55,0
DA:56,0
DA:58,0
DA:65,0
DA:66,0
DA:74,0
DA:75,0
DA:184,0
DA:188,0
LF:20
LH:0
BRDA:47,0,0,0
BRDA:47,0,1,0
BRDA:138,1,0,0
BRF:3
BRH:0
end_of_record
TN:
SF:src\app\(main)\(integration)\wp-plugin\page.tsx
FN:5,(anonymous_5)
FN:12,(anonymous_6)
FN:19,WPPluginPage
FNF:3
FNH:2
FNDA:2,(anonymous_5)
FNDA:0,(anonymous_6)
FNDA:2,WPPluginPage
DA:2,1
DA:3,1
DA:5,1
DA:6,2
DA:12,0
DA:19,1
LF:6
LH:5
BRF:0
BRH:0
end_of_record
TN:
SF:src\app\(main)\(logs)\active-users\page.tsx
FN:3,Page
FNF:1
FNH:1
FNDA:2,Page
DA:1,1
DA:3,1
LF:2
LH:2
BRF:0
BRH:0
end_of_record
TN:
SF:src\app\(main)\(logs)\attributes\page.tsx
FN:3,Page
FNF:1
FNH:1
FNDA:2,Page
DA:1,1
DA:3,1
LF:2
LH:2
BRF:0
BRH:0
end_of_record
TN:
SF:src\app\(main)\(push-noti)\campaigns\page.tsx
FN:12,Campaigns
FN:29,(anonymous_3)
FN:56,(anonymous_4)
FN:61,(anonymous_5)
FN:64,(anonymous_6)
FN:76,(anonymous_7)
FN:77,(anonymous_8)
FN:80,(anonymous_9)
FN:87,(anonymous_10)
FN:91,(anonymous_11)
FN:93,(anonymous_12)
FN:98,(anonymous_13)
FN:120,(anonymous_14)
FN:138,(anonymous_15)
FN:143,(anonymous_16)
FN:154,(anonymous_17)
FN:155,(anonymous_18)
FN:181,(anonymous_19)
FN:197,(anonymous_20)
FN:230,(anonymous_21)
FN:236,(anonymous_22)
FN:251,(anonymous_23)
FN:260,(anonymous_24)
FN:269,(anonymous_25)
FN:357,(anonymous_26)
FN:395,(anonymous_27)
FN:402,(anonymous_28)
FN:443,(anonymous_29)
FN:457,(anonymous_30)
FN:470,(anonymous_31)
FN:494,(anonymous_32)
FNF:31
FNH:0
FNDA:0,Campaigns
FNDA:0,(anonymous_3)
FNDA:0,(anonymous_4)
FNDA:0,(anonymous_5)
FNDA:0,(anonymous_6)
FNDA:0,(anonymous_7)
FNDA:0,(anonymous_8)
FNDA:0,(anonymous_9)
FNDA:0,(anonymous_10)
FNDA:0,(anonymous_11)
FNDA:0,(anonymous_12)
FNDA:0,(anonymous_13)
FNDA:0,(anonymous_14)
FNDA:0,(anonymous_15)
FNDA:0,(anonymous_16)
FNDA:0,(anonymous_17)
FNDA:0,(anonymous_18)
FNDA:0,(anonymous_19)
FNDA:0,(anonymous_20)
FNDA:0,(anonymous_21)
FNDA:0,(anonymous_22)
FNDA:0,(anonymous_23)
FNDA:0,(anonymous_24)
FNDA:0,(anonymous_25)
FNDA:0,(anonymous_26)
FNDA:0,(anonymous_27)
FNDA:0,(anonymous_28)
FNDA:0,(anonymous_29)
FNDA:0,(anonymous_30)
FNDA:0,(anonymous_31)
FNDA:0,(anonymous_32)
DA:2,0
DA:3,0
DA:4,0
DA:5,0
DA:6,0
DA:7,0
DA:12,0
DA:13,0
DA:14,0
DA:15,0
DA:16,0
DA:17,0
DA:18,0
DA:19,0
DA:20,0
DA:26,0
DA:29,0
DA:30,0
DA:31,0
DA:32,0
DA:35,0
DA:42,0
DA:43,0
DA:44,0
DA:46,0
DA:49,0
DA:50,0
DA:52,0
DA:56,0
DA:57,0
DA:61,0
DA:63,0
DA:64,0
DA:66,0
DA:67,0
DA:68,0
DA:72,0
DA:76,0
DA:77,0
DA:78,0
DA:79,0
DA:80,0
DA:81,0
DA:86,0
DA:87,0
DA:91,0
DA:93,0
DA:98,0
DA:99,0
DA:100,0
DA:103,0
DA:104,0
DA:105,0
DA:106,0
DA:108,0
DA:110,0
DA:113,0
DA:114,0
DA:115,0
DA:120,0
DA:121,0
DA:122,0
DA:125,0
DA:126,0
DA:127,0
DA:129,0
DA:131,0
DA:132,0
DA:133,0
DA:138,0
DA:139,0
DA:143,0
DA:144,0
DA:145,0
DA:147,0
DA:148,0
DA:154,0
DA:155,0
DA:158,0
DA:160,0
DA:161,0
DA:162,0
DA:164,0
DA:165,0
DA:166,0
DA:168,0
DA:169,0
DA:170,0
DA:172,0
DA:175,0
DA:176,0
DA:177,0
DA:181,0
DA:182,0
DA:183,0
DA:185,0
DA:187,0
DA:189,0
DA:191,0
DA:193,0
DA:197,0
DA:198,0
DA:230,0
DA:236,0
DA:251,0
DA:260,0
DA:269,0
DA:358,0
DA:396,0
DA:397,0
DA:398,0
DA:399,0
DA:402,0
DA:403,0
DA:404,0
DA:408,0
DA:410,0
DA:413,0
DA:415,0
DA:416,0
DA:417,0
DA:418,0
DA:444,0
DA:445,0
DA:458,0
DA:459,0
DA:471,0
DA:472,0
DA:494,0
LF:129
LH:0
BRDA:38,0,0,0
BRDA:38,0,1,0
BRDA:42,1,0,0
BRDA:42,1,1,0
BRDA:42,2,0,0
BRDA:42,2,1,0
BRDA:66,3,0,0
BRDA:79,4,0,0
BRDA:79,5,0,0
BRDA:79,5,1,0
BRDA:99,6,0,0
BRDA:105,7,0,0
BRDA:105,7,1,0
BRDA:106,8,0,0
BRDA:106,8,1,0
BRDA:114,9,0,0
BRDA:114,9,1,0
BRDA:121,10,0,0
BRDA:132,11,0,0
BRDA:132,11,1,0
BRDA:144,12,0,0
BRDA:144,12,1,0
BRDA:145,13,0,0
BRDA:145,13,1,0
BRDA:158,14,0,0
BRDA:158,14,1,0
BRDA:158,14,2,0
BRDA:158,14,3,0
BRDA:175,15,0,0
BRDA:175,16,0,0
BRDA:175,16,1,0
BRDA:176,17,0,0
BRDA:176,18,0,0
BRDA:176,18,1,0
BRDA:183,19,0,0
BRDA:183,19,1,0
BRDA:183,19,2,0
BRDA:183,19,3,0
BRDA:183,19,4,0
BRDA:198,20,0,0
BRDA:200,21,0,0
BRDA:219,22,0,0
BRDA:219,22,1,0
BRDA:324,23,0,0
BRDA:324,23,1,0
BRDA:333,24,0,0
BRDA:333,24,1,0
BRDA:347,25,0,0
BRDA:347,25,1,0
BRDA:371,26,0,0
BRDA:371,26,1,0
BRDA:374,27,0,0
BRDA:374,27,1,0
BRDA:380,28,0,0
BRDA:380,28,1,0
BRDA:383,29,0,0
BRDA:383,29,1,0
BRDA:386,30,0,0
BRDA:386,30,1,0
BRDA:389,31,0,0
BRDA:389,31,1,0
BRDA:403,32,0,0
BRDA:408,33,0,0
BRDA:413,34,0,0
BRDA:441,35,0,0
BRDA:455,36,0,0
BRDA:455,36,1,0
BRF:67
BRH:0
end_of_record
TN:
SF:src\app\(main)\(push-noti)\campaigns\api\page.tsx
FN:10,ApiPage
FNF:1
FNH:1
FNDA:2,ApiPage
DA:8,1
DA:10,1
LF:2
LH:2
BRF:0
BRH:0
end_of_record
TN:
SF:src\app\(main)\(push-noti)\campaigns\wordpress\page.tsx
FN:10,WordpressPage
FNF:1
FNH:1
FNDA:2,WordpressPage
DA:8,1
DA:10,1
LF:2
LH:2
BRF:0
BRH:0
end_of_record
TN:
SF:src\app\(main)\(push-noti)\journeys\page.tsx
FN:9,JourneyPage
FNF:1
FNH:1
FNDA:2,JourneyPage
DA:2,1
DA:9,1
LF:2
LH:2
BRF:0
BRH:0
end_of_record
TN:
SF:src\app\(main)\(setup)\noti-cards\page.tsx
FN:4,NotificationCardsPage
FN:32,(anonymous_2)
FN:46,(anonymous_3)
FN:61,(anonymous_4)
FN:77,(anonymous_5)
FNF:5
FNH:0
FNDA:0,NotificationCardsPage
FNDA:0,(anonymous_2)
FNDA:0,(anonymous_3)
FNDA:0,(anonymous_4)
FNDA:0,(anonymous_5)
DA:2,0
DA:4,0
DA:5,0
DA:6,0
DA:7,0
DA:8,0
DA:32,0
DA:46,0
DA:61,0
DA:77,0
LF:10
LH:0
BRDA:95,0,0,0
BRF:1
BRH:0
end_of_record
TN:
SF:src\app\(main)\(setup)\optinp\page.tsx
FN:7,Optinp
FN:34,(anonymous_2)
FN:35,(anonymous_3)
FN:69,(anonymous_4)
FN:125,(anonymous_5)
FN:140,(anonymous_6)
FN:230,(anonymous_7)
FN:244,(anonymous_8)
FN:251,(anonymous_9)
FN:265,(anonymous_10)
FN:283,(anonymous_11)
FN:299,(anonymous_12)
FN:311,(anonymous_13)
FN:317,(anonymous_14)
FN:328,(anonymous_15)
FN:335,(anonymous_16)
FN:356,(anonymous_17)
FN:362,(anonymous_18)
FN:368,(anonymous_19)
FN:380,(anonymous_20)
FN:386,(anonymous_21)
FN:392,(anonymous_22)
FN:404,(anonymous_23)
FN:445,(anonymous_24)
FN:472,(anonymous_25)
FN:513,(anonymous_26)
FN:542,(anonymous_27)
FN:555,generateIntegrationScript
FN:589,generatePreviewUrl
FNF:29
FNH:0
FNDA:0,Optinp
FNDA:0,(anonymous_2)
FNDA:0,(anonymous_3)
FNDA:0,(anonymous_4)
FNDA:0,(anonymous_5)
FNDA:0,(anonymous_6)
FNDA:0,(anonymous_7)
FNDA:0,(anonymous_8)
FNDA:0,(anonymous_9)
FNDA:0,(anonymous_10)
FNDA:0,(anonymous_11)
FNDA:0,(anonymous_12)
FNDA:0,(anonymous_13)
FNDA:0,(anonymous_14)
FNDA:0,(anonymous_15)
FNDA:0,(anonymous_16)
FNDA:0,(anonymous_17)
FNDA:0,(anonymous_18)
FNDA:0,(anonymous_19)
FNDA:0,(anonymous_20)
FNDA:0,(anonymous_21)
FNDA:0,(anonymous_22)
FNDA:0,(anonymous_23)
FNDA:0,(anonymous_24)
FNDA:0,(anonymous_25)
FNDA:0,(anonymous_26)
FNDA:0,(anonymous_27)
FNDA:0,generateIntegrationScript
FNDA:0,generatePreviewUrl
DA:2,0
DA:3,0
DA:4,0
DA:5,0
DA:7,0
DA:8,0
DA:9,0
DA:11,0
DA:12,0
DA:13,0
DA:14,0
DA:15,0
DA:16,0
DA:17,0
DA:18,0
DA:19,0
DA:20,0
DA:21,0
DA:22,0
DA:23,0
DA:24,0
DA:25,0
DA:28,0
DA:29,0
DA:30,0
DA:31,0
DA:34,0
DA:35,0
DA:36,0
DA:38,0
DA:39,0
DA:40,0
DA:41,0
DA:42,0
DA:43,0
DA:44,0
DA:45,0
DA:46,0
DA:47,0
DA:48,0
DA:49,0
DA:50,0
DA:51,0
DA:52,0
DA:53,0
DA:54,0
DA:55,0
DA:56,0
DA:57,0
DA:60,0
DA:65,0
DA:69,0
DA:70,0
DA:71,0
DA:72,0
DA:75,0
DA:76,0
DA:78,0
DA:79,0
DA:99,0
DA:101,0
DA:104,0
DA:107,0
DA:108,0
DA:109,0
DA:110,0
DA:112,0
DA:115,0
DA:116,0
DA:117,0
DA:118,0
DA:120,0
DA:125,0
DA:126,0
DA:127,0
DA:128,0
DA:131,0
DA:132,0
DA:133,0
DA:134,0
DA:135,0
DA:140,0
DA:141,0
DA:142,0
DA:145,0
DA:146,0
DA:149,0
DA:150,0
DA:153,0
DA:156,0
DA:230,0
DA:245,0
DA:251,0
DA:283,0
DA:299,0
DA:311,0
DA:317,0
DA:328,0
DA:335,0
DA:356,0
DA:362,0
DA:368,0
DA:380,0
DA:386,0
DA:392,0
DA:404,0
DA:445,0
DA:472,0
DA:514,0
DA:516,0
DA:518,0
DA:519,0
DA:522,0
DA:525,0
DA:526,0
DA:528,0
DA:530,0
DA:531,0
DA:532,0
DA:543,0
DA:544,0
DA:556,0
DA:572,0
DA:590,0
DA:606,0
DA:607,0
LF:126
LH:0
BRDA:36,0,0,0
BRDA:40,1,0,0
BRDA:40,2,0,0
BRDA:40,2,1,0
BRDA:42,3,0,0
BRDA:42,3,1,0
BRDA:70,4,0,0
BRDA:99,5,0,0
BRDA:99,5,1,0
BRDA:107,6,0,0
BRDA:107,6,1,0
BRDA:107,7,0,0
BRDA:107,7,1,0
BRDA:108,8,0,0
BRDA:108,8,1,0
BRDA:116,9,0,0
BRDA:116,9,1,0
BRDA:126,10,0,0
BRDA:132,11,0,0
BRDA:132,11,1,0
BRDA:134,12,0,0
BRDA:141,13,0,0
BRDA:145,14,0,0
BRDA:149,15,0,0
BRDA:198,16,0,0
BRDA:201,17,0,0
BRDA:204,18,0,0
BRDA:207,19,0,0
BRDA:212,20,0,0
BRDA:217,21,0,0
BRDA:254,22,0,0
BRDA:254,22,1,0
BRDA:421,23,0,0
BRDA:432,24,0,0
BRDA:432,24,1,0
BRDA:435,25,0,0
BRDA:435,25,1,0
BRDA:456,26,0,0
BRDA:456,26,1,0
BRDA:456,26,2,0
BRDA:458,27,0,0
BRDA:458,27,1,0
BRDA:458,28,0,0
BRDA:458,28,1,0
BRDA:465,29,0,0
BRDA:479,30,0,0
BRDA:479,30,1,0
BRDA:479,30,2,0
BRDA:481,31,0,0
BRDA:481,31,1,0
BRDA:481,32,0,0
BRDA:481,32,1,0
BRDA:487,33,0,0
BRDA:492,34,0,0
BRDA:492,34,1,0
BRDA:492,34,2,0
BRDA:493,35,0,0
BRDA:493,35,1,0
BRDA:495,36,0,0
BRDA:495,36,1,0
BRDA:495,37,0,0
BRDA:495,37,1,0
BRDA:506,38,0,0
BRDA:506,38,1,0
BRDA:508,39,0,0
BRDA:508,39,1,0
BRDA:516,40,0,0
BRDA:516,40,1,0
BRDA:516,41,0,0
BRDA:516,41,1,0
BRDA:519,42,0,0
BRDA:519,42,1,0
BRDA:561,43,0,0
BRDA:561,43,1,0
BRDA:562,44,0,0
BRDA:562,44,1,0
BRDA:577,45,0,0
BRDA:577,45,1,0
BRDA:595,46,0,0
BRDA:595,46,1,0
BRDA:596,47,0,0
BRDA:596,47,1,0
BRDA:607,48,0,0
BRDA:607,48,1,0
BRF:84
BRH:0
end_of_record
TN:
SF:src\app\(main)\(setup)\sites\page.tsx
FN:9,SitesPage
FN:25,(anonymous_3)
FN:26,(anonymous_4)
FN:44,(anonymous_5)
FN:50,(anonymous_6)
FN:79,(anonymous_7)
FN:105,(anonymous_8)
FN:122,(anonymous_9)
FN:158,(anonymous_10)
FN:164,(anonymous_11)
FN:179,(anonymous_12)
FN:206,(anonymous_13)
FN:215,(anonymous_14)
FN:277,(anonymous_15)
FN:283,(anonymous_16)
FN:293,(anonymous_17)
FN:324,(anonymous_18)
FN:338,(anonymous_19)
FN:351,(anonymous_20)
FN:361,(anonymous_21)
FN:397,(anonymous_22)
FN:410,(anonymous_23)
FN:422,(anonymous_24)
FN:433,(anonymous_25)
FN:444,(anonymous_26)
FNF:25
FNH:0
FNDA:0,SitesPage
FNDA:0,(anonymous_3)
FNDA:0,(anonymous_4)
FNDA:0,(anonymous_5)
FNDA:0,(anonymous_6)
FNDA:0,(anonymous_7)
FNDA:0,(anonymous_8)
FNDA:0,(anonymous_9)
FNDA:0,(anonymous_10)
FNDA:0,(anonymous_11)
FNDA:0,(anonymous_12)
FNDA:0,(anonymous_13)
FNDA:0,(anonymous_14)
FNDA:0,(anonymous_15)
FNDA:0,(anonymous_16)
FNDA:0,(anonymous_17)
FNDA:0,(anonymous_18)
FNDA:0,(anonymous_19)
FNDA:0,(anonymous_20)
FNDA:0,(anonymous_21)
FNDA:0,(anonymous_22)
FNDA:0,(anonymous_23)
FNDA:0,(anonymous_24)
FNDA:0,(anonymous_25)
FNDA:0,(anonymous_26)
DA:3,0
DA:4,0
DA:5,0
DA:6,0
DA:7,0
DA:9,0
DA:10,0
DA:11,0
DA:12,0
DA:13,0
DA:14,0
DA:15,0
DA:16,0
DA:22,0
DA:25,0
DA:26,0
DA:27,0
DA:28,0
DA:29,0
DA:30,0
DA:32,0
DA:33,0
DA:34,0
DA:36,0
DA:40,0
DA:44,0
DA:45,0
DA:50,0
DA:51,0
DA:53,0
DA:54,0
DA:55,0
DA:58,0
DA:59,0
DA:65,0
DA:66,0
DA:67,0
DA:68,0
DA:69,0
DA:72,0
DA:73,0
DA:74,0
DA:79,0
DA:80,0
DA:81,0
DA:83,0
DA:84,0
DA:91,0
DA:92,0
DA:93,0
DA:94,0
DA:95,0
DA:98,0
DA:99,0
DA:100,0
DA:105,0
DA:106,0
DA:107,0
DA:110,0
DA:111,0
DA:112,0
DA:113,0
DA:115,0
DA:116,0
DA:117,0
DA:122,0
DA:123,0
DA:158,0
DA:164,0
DA:179,0
DA:206,0
DA:216,0
DA:277,0
DA:284,0
DA:285,0
DA:293,0
DA:324,0
DA:338,0
DA:351,0
DA:362,0
DA:363,0
DA:397,0
DA:410,0
DA:422,0
DA:433,0
DA:445,0
DA:446,0
LF:87
LH:0
BRDA:33,0,0,0
BRDA:33,0,1,0
BRDA:45,1,0,0
BRDA:45,1,1,0
BRDA:53,2,0,0
BRDA:53,3,0,0
BRDA:53,3,1,0
BRDA:62,4,0,0
BRDA:62,4,1,0
BRDA:65,5,0,0
BRDA:73,6,0,0
BRDA:73,6,1,0
BRDA:81,7,0,0
BRDA:87,8,0,0
BRDA:87,8,1,0
BRDA:91,9,0,0
BRDA:99,10,0,0
BRDA:99,10,1,0
BRDA:106,11,0,0
BRDA:116,12,0,0
BRDA:116,12,1,0
BRDA:147,13,0,0
BRDA:147,13,1,0
BRDA:147,14,0,0
BRDA:147,14,1,0
BRDA:147,15,0,0
BRDA:147,15,1,0
BRDA:174,16,0,0
BRDA:190,17,0,0
BRDA:200,18,0,0
BRDA:232,19,0,0
BRDA:232,19,1,0
BRDA:234,20,0,0
BRDA:234,20,1,0
BRDA:240,21,0,0
BRDA:253,22,0,0
BRDA:253,22,1,0
BRDA:262,23,0,0
BRDA:262,23,1,0
BRDA:309,24,0,0
BRDA:382,25,0,0
BRDA:382,25,1,0
BRDA:421,26,0,0
BRDA:421,26,1,0
BRF:44
BRH:0
end_of_record
TN:
SF:src\app\(main)\(setup)\subs-bell\page.tsx
FN:6,SubscriptionPage
FN:41,(anonymous_2)
FN:42,(anonymous_3)
FN:66,(anonymous_4)
FN:98,(anonymous_5)
FN:111,(anonymous_6)
FN:126,(anonymous_7)
FN:136,(anonymous_8)
FN:146,(anonymous_9)
FN:163,(anonymous_10)
FN:172,(anonymous_11)
FN:194,(anonymous_12)
FN:204,(anonymous_13)
FN:219,(anonymous_14)
FN:229,(anonymous_15)
FN:244,(anonymous_16)
FN:254,(anonymous_17)
FN:271,(anonymous_18)
FN:292,(anonymous_19)
FN:301,(anonymous_20)
FN:329,(anonymous_21)
FN:332,(anonymous_22)
FN:382,(anonymous_23)
FNF:23
FNH:0
FNDA:0,SubscriptionPage
FNDA:0,(anonymous_2)
FNDA:0,(anonymous_3)
FNDA:0,(anonymous_4)
FNDA:0,(anonymous_5)
FNDA:0,(anonymous_6)
FNDA:0,(anonymous_7)
FNDA:0,(anonymous_8)
FNDA:0,(anonymous_9)
FNDA:0,(anonymous_10)
FNDA:0,(anonymous_11)
FNDA:0,(anonymous_12)
FNDA:0,(anonymous_13)
FNDA:0,(anonymous_14)
FNDA:0,(anonymous_15)
FNDA:0,(anonymous_16)
FNDA:0,(anonymous_17)
FNDA:0,(anonymous_18)
FNDA:0,(anonymous_19)
FNDA:0,(anonymous_20)
FNDA:0,(anonymous_21)
FNDA:0,(anonymous_22)
FNDA:0,(anonymous_23)
DA:2,0
DA:3,0
DA:4,0
DA:6,0
DA:8,0
DA:9,0
DA:10,0
DA:11,0
DA:12,0
DA:13,0
DA:14,0
DA:17,0
DA:18,0
DA:19,0
DA:20,0
DA:21,0
DA:22,0
DA:25,0
DA:28,0
DA:29,0
DA:32,0
DA:35,0
DA:36,0
DA:37,0
DA:38,0
DA:41,0
DA:42,0
DA:43,0
DA:44,0
DA:45,0
DA:46,0
DA:48,0
DA:49,0
DA:51,0
DA:54,0
DA:55,0
DA:57,0
DA:61,0
DA:65,0
DA:66,0
DA:98,0
DA:111,0
DA:126,0
DA:136,0
DA:146,0
DA:163,0
DA:172,0
DA:194,0
DA:204,0
DA:219,0
DA:229,0
DA:244,0
DA:254,0
DA:271,0
DA:292,0
DA:301,0
DA:330,0
DA:332,0
DA:383,0
LF:59
LH:0
BRDA:48,0,0,0
BRDA:48,0,1,0
BRDA:48,1,0,0
BRDA:48,1,1,0
BRDA:65,2,0,0
BRDA:65,2,1,0
BRDA:274,3,0,0
BRDA:274,3,1,0
BRDA:276,4,0,0
BRDA:276,4,1,0
BRDA:333,5,0,0
BRDA:333,5,1,0
BRDA:360,6,0,0
BRDA:363,7,0,0
BRDA:363,7,1,0
BRDA:366,8,0,0
BRDA:366,8,1,0
BRDA:372,9,0,0
BRDA:372,9,1,0
BRDA:399,10,0,0
BRDA:399,10,1,0
BRDA:400,11,0,0
BRDA:400,11,1,0
BRDA:401,12,0,0
BRDA:401,12,1,0
BRDA:405,13,0,0
BRDA:405,13,1,0
BRDA:406,14,0,0
BRDA:406,14,1,0
BRDA:407,15,0,0
BRDA:407,15,1,0
BRF:31
BRH:0
end_of_record
TN:
SF:src\app\(main)\(setup)\welcome-noti\page.tsx
FN:45,WelcomeNotificationPage
FN:76,(anonymous_6)
FN:112,(anonymous_7)
FN:124,(anonymous_8)
FN:146,(anonymous_9)
FN:151,(anonymous_10)
FNF:6
FNH:0
FNDA:0,WelcomeNotificationPage
FNDA:0,(anonymous_6)
FNDA:0,(anonymous_7)
FNDA:0,(anonymous_8)
FNDA:0,(anonymous_9)
FNDA:0,(anonymous_10)
DA:2,0
DA:39,0
DA:45,0
DA:46,0
DA:47,0
DA:48,0
DA:49,0
DA:76,0
DA:112,0
DA:124,0
DA:147,0
DA:148,0
DA:151,0
LF:13
LH:0
BRDA:153,0,0,0
BRDA:153,0,1,0
BRDA:158,1,0,0
BRDA:158,1,1,0
BRDA:169,2,0,0
BRDA:220,3,0,0
BRDA:227,4,0,0
BRF:7
BRH:0
end_of_record
TN:
SF:src\app\(main)\(users)\segments\page.tsx
FN:9,SegmentsPage
FN:27,(anonymous_3)
FN:78,(anonymous_4)
FN:85,(anonymous_5)
FN:105,(anonymous_6)
FN:106,(anonymous_7)
FN:114,(anonymous_8)
FN:118,(anonymous_9)
FN:134,(anonymous_10)
FN:186,(anonymous_11)
FN:191,(anonymous_12)
FN:204,(anonymous_13)
FN:244,(anonymous_14)
FN:264,(anonymous_15)
FN:282,(anonymous_16)
FN:299,(anonymous_17)
FN:306,(anonymous_18)
FN:319,(anonymous_19)
FN:320,(anonymous_20)
FNF:19
FNH:0
FNDA:0,SegmentsPage
FNDA:0,(anonymous_3)
FNDA:0,(anonymous_4)
FNDA:0,(anonymous_5)
FNDA:0,(anonymous_6)
FNDA:0,(anonymous_7)
FNDA:0,(anonymous_8)
FNDA:0,(anonymous_9)
FNDA:0,(anonymous_10)
FNDA:0,(anonymous_11)
FNDA:0,(anonymous_12)
FNDA:0,(anonymous_13)
FNDA:0,(anonymous_14)
FNDA:0,(anonymous_15)
FNDA:0,(anonymous_16)
FNDA:0,(anonymous_17)
FNDA:0,(anonymous_18)
FNDA:0,(anonymous_19)
FNDA:0,(anonymous_20)
DA:2,0
DA:3,0
DA:4,0
DA:5,0
DA:6,0
DA:7,0
DA:9,0
DA:10,0
DA:11,0
DA:12,0
DA:13,0
DA:14,0
DA:15,0
DA:16,0
DA:17,0
DA:27,0
DA:28,0
DA:29,0
DA:30,0
DA:32,0
DA:34,0
DA:41,0
DA:43,0
DA:44,0
DA:45,0
DA:47,0
DA:48,0
DA:51,0
DA:54,0
DA:56,0
DA:57,0
DA:58,0
DA:59,0
DA:60,0
DA:61,0
DA:62,0
DA:63,0
DA:64,0
DA:65,0
DA:67,0
DA:68,0
DA:71,0
DA:73,0
DA:78,0
DA:79,0
DA:80,0
DA:85,0
DA:87,0
DA:88,0
DA:92,0
DA:93,0
DA:94,0
DA:95,0
DA:99,0
DA:100,0
DA:105,0
DA:106,0
DA:107,0
DA:108,0
DA:110,0
DA:114,0
DA:118,0
DA:119,0
DA:120,0
DA:123,0
DA:124,0
DA:126,0
DA:128,0
DA:129,0
DA:134,0
DA:135,0
DA:186,0
DA:191,0
DA:204,0
DA:245,0
DA:264,0
DA:282,0
DA:299,0
DA:306,0
DA:319,0
DA:322,0
LF:81
LH:0
BRDA:27,0,0,0
BRDA:27,1,0,0
BRDA:37,2,0,0
BRDA:37,2,1,0
BRDA:43,3,0,0
BRDA:43,3,1,0
BRDA:43,4,0,0
BRDA:43,4,1,0
BRDA:56,5,0,0
BRDA:56,5,1,0
BRDA:56,6,0,0
BRDA:56,6,1,0
BRDA:56,6,2,0
BRDA:58,7,0,0
BRDA:58,7,1,0
BRDA:60,8,0,0
BRDA:60,8,1,0
BRDA:62,9,0,0
BRDA:62,9,1,0
BRDA:64,10,0,0
BRDA:67,11,0,0
BRDA:79,12,0,0
BRDA:87,13,0,0
BRDA:92,14,0,0
BRDA:99,15,0,0
BRDA:107,16,0,0
BRDA:107,16,1,0
BRDA:119,17,0,0
BRDA:149,18,0,0
BRDA:175,19,0,0
BRDA:175,19,1,0
BRDA:199,20,0,0
BRDA:214,21,0,0
BRDA:221,22,0,0
BRDA:221,22,1,0
BRDA:245,23,0,0
BRDA:245,23,1,0
BRDA:260,24,0,0
BRDA:260,24,1,0
BRDA:278,25,0,0
BRDA:278,25,1,0
BRDA:278,25,2,0
BRDA:291,26,0,0
BRDA:291,26,1,0
BRDA:291,26,2,0
BRF:45
BRH:0
end_of_record
TN:
SF:src\app\(main)\(users)\subscribers\page.tsx
FN:6,Page
FNF:1
FNH:1
FNDA:2,Page
DA:2,1
DA:3,1
DA:4,1
DA:6,1
DA:7,2
LF:5
LH:5
BRDA:20,0,0,2
BRDA:40,1,0,2
BRF:2
BRH:2
end_of_record
TN:
SF:src\app\(main)\dashboard\page.tsx
FN:10,DashboardPage
FNF:1
FNH:1
FNDA:9,DashboardPage
DA:3,1
DA:4,1
DA:5,1
DA:6,1
DA:7,1
DA:8,1
DA:10,9
DA:11,9
DA:12,9
DA:15,9
LF:10
LH:10
BRDA:15,0,0,1
BRDA:35,1,0,7
BRDA:35,1,1,1
BRDA:37,2,0,7
BRDA:37,2,1,1
BRDA:38,3,0,7
BRDA:38,3,1,1
BRDA:39,4,0,1
BRDA:39,4,1,0
BRF:9
BRH:8
end_of_record
TN:
SF:src\app\(main)\dashboard\analytics\page.tsx
FN:4,(anonymous_2)
FNF:1
FNH:1
FNDA:4,(anonymous_2)
DA:1,1
DA:2,1
DA:4,1
DA:12,4
LF:4
LH:4
BRF:0
BRH:0
end_of_record
TN:
SF:src\app\(main)\dashboard\geo-report\page.tsx
FN:4,(anonymous_2)
FNF:1
FNH:1
FNDA:2,(anonymous_2)
DA:1,1
DA:2,1
DA:4,1
DA:15,1
LF:4
LH:4
BRF:0
BRH:0
end_of_record
TN:
SF:src\app\(main)\data-and-privacy\page.tsx
FN:3,Page
FNF:1
FNH:1
FNDA:13,Page
DA:1,1
DA:3,13
LF:2
LH:2
BRF:0
BRH:0
end_of_record
TN:
SF:src\app\(main)\optin-funnel\page.tsx
FN:3,Page
FNF:1
FNH:1
FNDA:2,Page
DA:1,1
DA:3,1
LF:2
LH:2
BRF:0
BRH:0
end_of_record
TN:
SF:src\app\(main)\troubleshooter\page.tsx
FN:3,TroubleshooterPage
FNF:1
FNH:1
FNDA:2,TroubleshooterPage
DA:1,1
DA:3,1
LF:2
LH:2
BRF:0
BRH:0
end_of_record
TN:
SF:src\app\(main)\uptime-monitoring\page.tsx
FN:7,UptimeMonitoringPage
FN:14,(anonymous_2)
FN:15,(anonymous_3)
FN:38,(anonymous_4)
FN:39,(anonymous_5)
FN:74,(anonymous_7)
FN:104,(anonymous_9)
FN:126,(anonymous_10)
FN:141,(anonymous_11)
FN:151,(anonymous_12)
FNF:10
FNH:0
FNDA:0,UptimeMonitoringPage
FNDA:0,(anonymous_2)
FNDA:0,(anonymous_3)
FNDA:0,(anonymous_4)
FNDA:0,(anonymous_5)
FNDA:0,(anonymous_7)
FNDA:0,(anonymous_9)
FNDA:0,(anonymous_10)
FNDA:0,(anonymous_11)
FNDA:0,(anonymous_12)
DA:3,0
DA:4,0
DA:5,0
DA:7,0
DA:8,0
DA:9,0
DA:10,0
DA:11,0
DA:14,0
DA:15,0
DA:16,0
DA:17,0
DA:18,0
DA:20,0
DA:22,0
DA:23,0
DA:25,0
DA:28,0
DA:29,0
DA:31,0
DA:35,0
DA:38,0
DA:39,0
DA:40,0
DA:74,0
DA:104,0
DA:127,0
DA:141,0
DA:152,0
LF:29
LH:0
BRDA:22,0,0,0
BRDA:22,0,1,0
BRDA:22,1,0,0
BRDA:22,1,1,0
BRDA:40,2,0,0
BRDA:40,2,1,0
BRDA:53,3,0,0
BRDA:53,3,1,0
BRDA:57,4,0,0
BRDA:57,4,1,0
BRDA:65,5,0,0
BRDA:75,6,0,0
BRDA:75,6,1,0
BRDA:82,7,0,0
BRDA:82,7,1,0
BRDA:87,8,0,0
BRDA:87,8,1,0
BRDA:125,9,0,0
BRDA:135,10,0,0
BRF:19
BRH:0
end_of_record
TN:
SF:src\app\api\auth\logout\route.ts
FN:8,POST
FNF:1
FNH:1
FNDA:5,POST
DA:1,1
DA:2,1
DA:8,5
DA:9,5
DA:10,5
DA:12,3
DA:17,2
DA:18,2
LF:8
LH:8
BRF:0
BRH:0
end_of_record
TN:
SF:src\app\api\auth\session\route.ts
FN:8,GET
FNF:1
FNH:1
FNDA:6,GET
DA:1,1
DA:2,1
DA:8,6
DA:9,6
DA:10,6
DA:12,4
DA:13,3
DA:19,1
DA:24,2
DA:25,2
LF:10
LH:10
BRDA:12,0,0,3
BRF:1
BRH:1
end_of_record
TN:
SF:src\app\api\csrf-token\route.ts
FN:8,GET
FNF:1
FNH:1
FNDA:6,GET
DA:1,1
DA:2,1
DA:8,6
DA:9,6
DA:10,6
DA:12,4
DA:14,2
DA:15,2
LF:8
LH:8
BRF:0
BRH:0
end_of_record
TN:
SF:src\app\api\health\route.ts
FN:14,GET
FN:48,HEAD
FNF:2
FNH:0
FNDA:0,GET
FNDA:0,HEAD
DA:6,0
DA:8,0
DA:14,0
DA:15,0
DA:22,0
DA:30,0
DA:33,0
DA:48,0
DA:49,0
LF:9
LH:0
BRDA:26,0,0,0
BRDA:26,0,1,0
BRDA:27,1,0,0
BRDA:27,1,1,0
BRDA:37,2,0,0
BRDA:37,2,1,0
BRF:6
BRH:0
end_of_record
TN:
SF:src\app\select-site\page.tsx
FN:13,SelectSitePage
FN:16,(anonymous_2)
FNF:2
FNH:0
FNDA:0,SelectSitePage
FNDA:0,(anonymous_2)
DA:3,0
DA:4,0
DA:5,0
DA:13,0
DA:14,0
DA:16,0
DA:18,0
LF:7
LH:0
BRF:0
BRH:0
end_of_record
TN:
SF:src\components\Chart.tsx
FN:47,Chart
FN:55,(anonymous_5)
FN:75,(anonymous_6)
FN:80,(anonymous_7)
FN:179,(anonymous_8)
FN:191,(anonymous_9)
FNF:6
FNH:0
FNDA:0,Chart
FNDA:0,(anonymous_5)
FNDA:0,(anonymous_6)
FNDA:0,(anonymous_7)
FNDA:0,(anonymous_8)
FNDA:0,(anonymous_9)
DA:3,0
DA:5,0
DA:13,0
DA:21,0
DA:28,0
DA:29,0
DA:30,0
DA:32,0
DA:47,0
DA:48,0
DA:49,0
DA:50,0
DA:51,0
DA:52,0
DA:55,0
DA:56,0
DA:57,0
DA:58,0
DA:60,0
DA:62,0
DA:63,0
DA:65,0
DA:68,0
DA:69,0
DA:71,0
DA:75,0
DA:76,0
DA:79,0
DA:80,0
DA:180,0
DA:181,0
DA:192,0
DA:193,0
LF:33
LH:0
BRDA:62,0,0,0
BRDA:62,0,1,0
BRDA:62,1,0,0
BRDA:62,1,1,0
BRDA:115,2,0,0
BRDA:122,3,0,0
BRDA:134,4,0,0
BRDA:192,5,0,0
BRF:8
BRH:0
end_of_record
TN:
SF:src\components\CleanSiteSelector.tsx
FN:19,(anonymous_4)
FN:26,(anonymous_5)
FN:56,(anonymous_6)
FN:66,(anonymous_7)
FN:104,(anonymous_8)
FN:121,(anonymous_9)
FN:132,(anonymous_10)
FN:167,(anonymous_11)
FN:167,(anonymous_12)
FN:175,(anonymous_13)
FN:175,(anonymous_14)
FN:183,(anonymous_15)
FN:183,(anonymous_16)
FN:189,(anonymous_17)
FNF:14
FNH:0
FNDA:0,(anonymous_4)
FNDA:0,(anonymous_5)
FNDA:0,(anonymous_6)
FNDA:0,(anonymous_7)
FNDA:0,(anonymous_8)
FNDA:0,(anonymous_9)
FNDA:0,(anonymous_10)
FNDA:0,(anonymous_11)
FNDA:0,(anonymous_12)
FNDA:0,(anonymous_13)
FNDA:0,(anonymous_14)
FNDA:0,(anonymous_15)
FNDA:0,(anonymous_16)
FNDA:0,(anonymous_17)
DA:3,0
DA:4,0
DA:5,0
DA:6,0
DA:7,0
DA:8,0
DA:9,0
DA:19,0
DA:26,0
DA:54,0
DA:56,0
DA:57,0
DA:58,0
DA:59,0
DA:60,0
DA:66,0
DA:67,0
DA:69,0
DA:70,0
DA:71,0
DA:72,0
DA:73,0
DA:75,0
DA:77,0
DA:81,0
DA:104,0
DA:121,0
DA:133,0
DA:167,0
DA:175,0
DA:183,0
DA:189,0
DA:206,0
DA:207,0
LF:34
LH:0
BRDA:22,0,0,0
BRDA:22,0,1,0
BRDA:30,1,0,0
BRDA:30,1,1,0
BRDA:38,2,0,0
BRDA:38,2,1,0
BRDA:67,3,0,0
BRDA:67,4,0,0
BRDA:67,4,1,0
BRDA:81,5,0,0
BRDA:115,6,0,0
BRDA:194,7,0,0
BRDA:194,7,1,0
BRDA:194,7,2,0
BRDA:196,8,0,0
BRDA:196,8,1,0
BRF:16
BRH:0
end_of_record
TN:
SF:src\components\ContactUsModal.tsx
FN:12,ContactUsModal
FNF:1
FNH:0
FNDA:0,ContactUsModal
DA:8,0
DA:9,0
DA:12,0
LF:3
LH:0
BRF:0
BRH:0
end_of_record
TN:
SF:src\components\CreateCampaignModal.tsx
FN:12,CreateCampaignModal
FN:31,(anonymous_2)
FN:33,(anonymous_3)
FN:40,(anonymous_4)
FN:122,(anonymous_5)
FN:187,(anonymous_6)
FN:187,(anonymous_7)
FN:214,(anonymous_8)
FN:214,(anonymous_9)
FN:227,(anonymous_10)
FN:227,(anonymous_11)
FN:244,(anonymous_12)
FN:244,(anonymous_13)
FN:257,(anonymous_14)
FN:257,(anonymous_15)
FN:275,(anonymous_16)
FN:275,(anonymous_17)
FN:285,(anonymous_18)
FN:285,(anonymous_19)
FN:295,(anonymous_20)
FN:295,(anonymous_21)
FN:312,(anonymous_22)
FN:312,(anonymous_23)
FN:324,(anonymous_24)
FNF:24
FNH:0
FNDA:0,CreateCampaignModal
FNDA:0,(anonymous_2)
FNDA:0,(anonymous_3)
FNDA:0,(anonymous_4)
FNDA:0,(anonymous_5)
FNDA:0,(anonymous_6)
FNDA:0,(anonymous_7)
FNDA:0,(anonymous_8)
FNDA:0,(anonymous_9)
FNDA:0,(anonymous_10)
FNDA:0,(anonymous_11)
FNDA:0,(anonymous_12)
FNDA:0,(anonymous_13)
FNDA:0,(anonymous_14)
FNDA:0,(anonymous_15)
FNDA:0,(anonymous_16)
FNDA:0,(anonymous_17)
FNDA:0,(anonymous_18)
FNDA:0,(anonymous_19)
FNDA:0,(anonymous_20)
FNDA:0,(anonymous_21)
FNDA:0,(anonymous_22)
FNDA:0,(anonymous_23)
FNDA:0,(anonymous_24)
DA:2,0
DA:3,0
DA:4,0
DA:12,0
DA:13,0
DA:14,0
DA:27,0
DA:28,0
DA:31,0
DA:32,0
DA:33,0
DA:40,0
DA:41,0
DA:43,0
DA:44,0
DA:45,0
DA:48,0
DA:49,0
DA:50,0
DA:53,0
DA:54,0
DA:55,0
DA:58,0
DA:59,0
DA:61,0
DA:62,0
DA:75,0
DA:77,0
DA:79,0
DA:81,0
DA:82,0
DA:83,0
DA:84,0
DA:86,0
DA:92,0
DA:94,0
DA:97,0
DA:99,0
DA:101,0
DA:102,0
DA:103,0
DA:104,0
DA:105,0
DA:106,0
DA:107,0
DA:108,0
DA:109,0
DA:110,0
DA:112,0
DA:113,0
DA:116,0
DA:118,0
DA:122,0
DA:123,0
DA:135,0
DA:138,0
DA:141,0
DA:187,0
DA:214,0
DA:227,0
DA:244,0
DA:257,0
DA:275,0
DA:285,0
DA:295,0
DA:312,0
DA:325,0
DA:326,0
LF:68
LH:0
BRDA:22,0,0,0
BRDA:22,0,1,0
BRDA:32,1,0,0
BRDA:32,2,0,0
BRDA:32,2,1,0
BRDA:43,3,0,0
BRDA:43,4,0,0
BRDA:43,4,1,0
BRDA:43,4,2,0
BRDA:48,5,0,0
BRDA:53,6,0,0
BRDA:53,7,0,0
BRDA:53,7,1,0
BRDA:66,8,0,0
BRDA:66,8,1,0
BRDA:67,9,0,0
BRDA:67,9,1,0
BRDA:68,10,0,0
BRDA:68,10,1,0
BRDA:69,11,0,0
BRDA:69,11,1,0
BRDA:72,12,0,0
BRDA:72,12,1,0
BRDA:81,13,0,0
BRDA:81,13,1,0
BRDA:86,14,0,0
BRDA:86,14,1,0
BRDA:88,15,0,0
BRDA:88,15,1,0
BRDA:101,16,0,0
BRDA:101,16,1,0
BRDA:101,17,0,0
BRDA:101,17,1,0
BRDA:101,17,2,0
BRDA:103,18,0,0
BRDA:103,18,1,0
BRDA:105,19,0,0
BRDA:105,19,1,0
BRDA:107,20,0,0
BRDA:107,20,1,0
BRDA:109,21,0,0
BRDA:112,22,0,0
BRDA:138,23,0,0
BRDA:141,24,0,0
BRDA:171,25,0,0
BRDA:195,26,0,0
BRDA:304,27,0,0
BRDA:338,28,0,0
BRDA:338,28,1,0
BRDA:339,29,0,0
BRDA:339,29,1,0
BRDA:340,30,0,0
BRDA:340,30,1,0
BRF:53
BRH:0
end_of_record
TN:
SF:src\components\CreateSegmentModal.tsx
FN:12,CreateSegmentModal
FN:26,(anonymous_2)
FN:28,(anonymous_3)
FN:35,(anonymous_4)
FN:59,(anonymous_5)
FN:70,(anonymous_6)
FN:71,(anonymous_7)
FN:83,(anonymous_8)
FN:104,(anonymous_9)
FN:107,(anonymous_10)
FN:110,(anonymous_11)
FN:138,(anonymous_12)
FN:138,(anonymous_13)
FN:151,(anonymous_14)
FN:151,(anonymous_15)
FN:164,(anonymous_16)
FN:164,(anonymous_17)
FN:171,(anonymous_18)
FN:200,(anonymous_19)
FN:226,(anonymous_20)
FN:238,(anonymous_21)
FN:248,(anonymous_22)
FN:264,(anonymous_23)
FN:276,(anonymous_24)
FN:285,(anonymous_25)
FN:300,(anonymous_26)
FN:310,(anonymous_27)
FN:314,(anonymous_28)
FN:336,(anonymous_29)
FNF:29
FNH:0
FNDA:0,CreateSegmentModal
FNDA:0,(anonymous_2)
FNDA:0,(anonymous_3)
FNDA:0,(anonymous_4)
FNDA:0,(anonymous_5)
FNDA:0,(anonymous_6)
FNDA:0,(anonymous_7)
FNDA:0,(anonymous_8)
FNDA:0,(anonymous_9)
FNDA:0,(anonymous_10)
FNDA:0,(anonymous_11)
FNDA:0,(anonymous_12)
FNDA:0,(anonymous_13)
FNDA:0,(anonymous_14)
FNDA:0,(anonymous_15)
FNDA:0,(anonymous_16)
FNDA:0,(anonymous_17)
FNDA:0,(anonymous_18)
FNDA:0,(anonymous_19)
FNDA:0,(anonymous_20)
FNDA:0,(anonymous_21)
FNDA:0,(anonymous_22)
FNDA:0,(anonymous_23)
FNDA:0,(anonymous_24)
FNDA:0,(anonymous_25)
FNDA:0,(anonymous_26)
FNDA:0,(anonymous_27)
FNDA:0,(anonymous_28)
FNDA:0,(anonymous_29)
DA:2,0
DA:3,0
DA:4,0
DA:12,0
DA:13,0
DA:14,0
DA:21,0
DA:22,0
DA:23,0
DA:26,0
DA:27,0
DA:28,0
DA:35,0
DA:36,0
DA:38,0
DA:39,0
DA:40,0
DA:43,0
DA:44,0
DA:46,0
DA:47,0
DA:48,0
DA:49,0
DA:50,0
DA:52,0
DA:53,0
DA:55,0
DA:59,0
DA:60,0
DA:66,0
DA:67,0
DA:70,0
DA:71,0
DA:83,0
DA:84,0
DA:86,0
DA:88,0
DA:89,0
DA:91,0
DA:93,0
DA:94,0
DA:96,0
DA:98,0
DA:99,0
DA:101,0
DA:104,0
DA:107,0
DA:108,0
DA:109,0
DA:110,0
DA:113,0
DA:138,0
DA:151,0
DA:164,0
DA:172,0
DA:200,0
DA:226,0
DA:238,0
DA:248,0
DA:264,0
DA:276,0
DA:285,0
DA:300,0
DA:310,0
DA:315,0
DA:337,0
DA:338,0
LF:67
LH:0
BRDA:27,0,0,0
BRDA:27,1,0,0
BRDA:27,1,1,0
BRDA:38,2,0,0
BRDA:52,3,0,0
BRDA:52,3,1,0
BRDA:86,4,0,0
BRDA:86,4,1,0
BRDA:86,4,2,0
BRDA:88,5,0,0
BRDA:93,6,0,0
BRDA:98,7,0,0
BRDA:113,8,0,0
BRDA:122,9,0,0
BRDA:163,10,0,0
BRDA:163,10,1,0
BRDA:166,11,0,0
BRDA:166,11,1,0
BRDA:174,12,0,0
BRDA:174,12,1,0
BRDA:178,13,0,0
BRDA:220,14,0,0
BRDA:237,15,0,0
BRDA:237,15,1,0
BRDA:247,16,0,0
BRDA:247,16,1,0
BRDA:258,17,0,0
BRDA:275,18,0,0
BRDA:275,18,1,0
BRDA:284,19,0,0
BRDA:284,19,1,0
BRDA:294,20,0,0
BRDA:309,21,0,0
BRDA:309,21,1,0
BRDA:310,22,0,0
BRDA:310,22,1,0
BRDA:325,23,0,0
BRDA:350,24,0,0
BRDA:350,24,1,0
BRF:39
BRH:0
end_of_record
TN:
SF:src\components\InfoCard.tsx
FN:6,InfoCard
FNF:1
FNH:1
FNDA:22,InfoCard
DA:6,22
LF:1
LH:1
BRF:0
BRH:0
end_of_record
TN:
SF:src\components\InlineChart.tsx
FN:38,InlineChart
FN:44,(anonymous_8)
FN:64,(anonymous_9)
FN:69,(anonymous_10)
FN:70,(anonymous_11)
FN:71,(anonymous_12)
FN:129,(anonymous_13)
FN:136,(anonymous_14)
FN:169,(anonymous_15)
FN:182,(anonymous_16)
FNF:10
FNH:0
FNDA:0,InlineChart
FNDA:0,(anonymous_8)
FNDA:0,(anonymous_9)
FNDA:0,(anonymous_10)
FNDA:0,(anonymous_11)
FNDA:0,(anonymous_12)
FNDA:0,(anonymous_13)
FNDA:0,(anonymous_14)
FNDA:0,(anonymous_15)
FNDA:0,(anonymous_16)
DA:3,0
DA:5,0
DA:13,0
DA:19,0
DA:20,0
DA:22,0
DA:24,0
DA:38,0
DA:39,0
DA:40,0
DA:41,0
DA:42,0
DA:44,0
DA:45,0
DA:46,0
DA:47,0
DA:49,0
DA:51,0
DA:52,0
DA:54,0
DA:57,0
DA:58,0
DA:60,0
DA:64,0
DA:65,0
DA:68,0
DA:69,0
DA:70,0
DA:71,0
DA:76,0
DA:99,0
DA:130,0
DA:131,0
DA:136,0
DA:170,0
DA:171,0
DA:183,0
DA:184,0
DA:207,0
LF:39
LH:0
BRDA:51,0,0,0
BRDA:51,0,1,0
BRDA:51,1,0,0
BRDA:51,1,1,0
BRDA:70,2,0,0
BRDA:70,2,1,0
BRDA:71,3,0,0
BRDA:71,3,1,0
BRDA:76,4,0,0
BRDA:99,5,0,0
BRDA:183,6,0,0
BRF:11
BRH:0
end_of_record
TN:
SF:src\components\JourneyCreator.tsx
FN:7,JourneyCreator
FN:17,(anonymous_2)
FN:18,(anonymous_3)
FN:41,(anonymous_4)
FN:43,(anonymous_5)
FN:47,(anonymous_6)
FN:51,(anonymous_7)
FN:55,(anonymous_8)
FN:59,(anonymous_9)
FN:73,(anonymous_10)
FN:98,(anonymous_11)
FN:105,(anonymous_12)
FN:138,(anonymous_13)
FN:144,(anonymous_14)
FN:161,(anonymous_15)
FNF:15
FNH:0
FNDA:0,JourneyCreator
FNDA:0,(anonymous_2)
FNDA:0,(anonymous_3)
FNDA:0,(anonymous_4)
FNDA:0,(anonymous_5)
FNDA:0,(anonymous_6)
FNDA:0,(anonymous_7)
FNDA:0,(anonymous_8)
FNDA:0,(anonymous_9)
FNDA:0,(anonymous_10)
FNDA:0,(anonymous_11)
FNDA:0,(anonymous_12)
FNDA:0,(anonymous_13)
FNDA:0,(anonymous_14)
FNDA:0,(anonymous_15)
DA:3,0
DA:4,0
DA:5,0
DA:7,0
DA:8,0
DA:9,0
DA:10,0
DA:11,0
DA:12,0
DA:13,0
DA:14,0
DA:15,0
DA:17,0
DA:18,0
DA:19,0
DA:20,0
DA:21,0
DA:23,0
DA:24,0
DA:26,0
DA:27,0
DA:28,0
DA:32,0
DA:34,0
DA:38,0
DA:41,0
DA:42,0
DA:43,0
DA:44,0
DA:47,0
DA:48,0
DA:51,0
DA:52,0
DA:55,0
DA:56,0
DA:59,0
DA:60,0
DA:73,0
DA:98,0
DA:106,0
DA:138,0
DA:144,0
DA:161,0
LF:43
LH:0
BRDA:23,0,0,0
BRDA:23,1,0,0
BRDA:23,1,1,0
BRDA:26,2,0,0
BRDA:44,3,0,0
BRDA:44,3,1,0
BRDA:102,4,0,0
BRDA:102,4,1,0
BRF:8
BRH:0
end_of_record
TN:
SF:src\components\LoginComponent.tsx
FN:20,CardDemo
FN:28,(anonymous_3)
FN:97,(anonymous_4)
FN:117,(anonymous_5)
FNF:4
FNH:4
FNDA:130,CardDemo
FNDA:5,(anonymous_3)
FNDA:66,(anonymous_4)
FNDA:48,(anonymous_5)
DA:3,1
DA:4,1
DA:5,1
DA:6,1
DA:15,1
DA:16,1
DA:17,1
DA:18,1
DA:20,8
DA:21,130
DA:22,130
DA:23,130
DA:24,130
DA:25,130
DA:26,130
DA:28,130
DA:29,5
DA:30,5
DA:31,5
DA:33,5
DA:35,5
DA:36,1
DA:37,1
DA:40,4
DA:43,4
DA:45,4
DA:46,3
DA:49,3
DA:50,3
DA:52,3
DA:55,3
DA:58,1
DA:62,0
DA:63,0
DA:64,0
DA:66,5
DA:97,66
DA:117,48
LF:38
LH:35
BRDA:35,0,0,1
BRDA:35,1,0,5
BRDA:35,1,1,4
BRDA:45,2,0,3
BRDA:45,2,1,1
BRDA:50,3,0,3
BRDA:50,3,1,3
BRDA:58,4,0,1
BRDA:58,4,1,0
BRDA:63,5,0,0
BRDA:63,5,1,0
BRDA:84,6,0,130
BRDA:130,7,0,4
BRDA:130,7,1,126
BRF:14
BRH:11
end_of_record
TN:
SF:src\components\MetricCard.tsx
FN:13,(anonymous_4)
FN:19,(anonymous_5)
FN:20,(anonymous_6)
FNF:3
FNH:3
FNDA:23,(anonymous_4)
FNDA:12,(anonymous_5)
FNDA:12,(anonymous_6)
DA:3,1
DA:4,1
DA:5,1
DA:6,1
DA:13,1
DA:14,23
DA:15,23
DA:16,23
DA:17,23
DA:19,23
DA:20,12
DA:21,12
DA:22,12
DA:23,12
DA:25,12
DA:27,10
DA:28,9
DA:29,9
DA:30,7
DA:32,2
DA:35,1
DA:38,1
DA:39,1
DA:41,11
DA:45,12
DA:49,23
DA:68,11
DA:121,12
LF:28
LH:28
BRDA:13,0,0,22
BRDA:27,1,0,9
BRDA:27,1,1,1
BRDA:27,2,0,10
BRDA:27,2,1,9
BRDA:29,3,0,7
BRDA:29,3,1,2
BRDA:49,4,0,12
BRDA:68,5,0,4
BRDA:68,6,0,11
BRDA:68,6,1,7
BRDA:76,7,0,4
BRDA:76,7,1,0
BRDA:97,8,0,6
BRDA:99,9,0,5
BRDA:99,9,1,1
BRF:16
BRH:15
end_of_record
TN:
SF:src\components\MetricsGrid.tsx
FN:23,(anonymous_2)
FN:36,(anonymous_3)
FNF:2
FNH:2
FNDA:2,(anonymous_2)
FNDA:12,(anonymous_3)
DA:3,1
DA:4,1
DA:5,1
DA:16,1
DA:23,1
DA:29,2
DA:30,2
DA:37,12
DA:48,1
DA:50,2
LF:10
LH:10
BRDA:25,0,0,0
BRDA:26,1,0,2
BRDA:30,2,0,0
BRDA:30,2,1,2
BRDA:34,3,0,2
BRF:5
BRH:3
end_of_record
TN:
SF:src\components\RegisterComponent.tsx
FN:19,RegisterCard
FN:28,(anonymous_3)
FN:101,(anonymous_4)
FN:113,(anonymous_5)
FN:125,(anonymous_6)
FNF:5
FNH:5
FNDA:347,RegisterCard
FNDA:8,(anonymous_3)
FNDA:160,(anonymous_4)
FNDA:80,(anonymous_5)
FNDA:81,(anonymous_6)
DA:3,1
DA:4,1
DA:5,1
DA:6,1
DA:14,1
DA:15,1
DA:16,1
DA:17,1
DA:19,12
DA:20,347
DA:21,347
DA:22,347
DA:23,347
DA:24,347
DA:25,347
DA:26,347
DA:28,347
DA:29,8
DA:30,8
DA:31,8
DA:33,8
DA:35,8
DA:36,0
DA:37,0
DA:40,8
DA:41,1
DA:42,1
DA:45,7
DA:46,1
DA:47,1
DA:50,6
DA:53,6
DA:55,3
DA:56,3
DA:59,3
DA:62,0
DA:66,3
DA:67,3
DA:68,3
DA:70,8
DA:101,160
DA:113,80
DA:125,81
LF:43
LH:40
BRDA:35,0,0,0
BRDA:35,1,0,8
BRDA:35,1,1,8
BRDA:35,1,2,8
BRDA:40,2,0,1
BRDA:45,3,0,1
BRDA:55,4,0,3
BRDA:55,4,1,0
BRDA:62,5,0,0
BRDA:62,5,1,0
BRDA:67,6,0,2
BRDA:67,6,1,1
BRDA:88,7,0,347
BRDA:136,8,0,6
BRDA:136,8,1,341
BRF:15
BRH:11
end_of_record
TN:
SF:src\components\SiteGuard.tsx
FN:10,(anonymous_1)
FNF:1
FNH:0
FNDA:0,(anonymous_1)
DA:3,0
DA:4,0
DA:10,0
DA:11,0
DA:14,0
DA:16,0
DA:24,0
DA:25,0
DA:38,0
DA:39,0
DA:40,0
DA:45,0
DA:46,0
LF:13
LH:0
BRDA:24,0,0,0
BRDA:38,1,0,0
BRDA:46,2,0,0
BRDA:46,2,1,0
BRF:4
BRH:0
end_of_record
TN:
SF:src\components\SiteLayoutWrapper.tsx
FN:10,(anonymous_2)
FNF:1
FNH:0
FNDA:0,(anonymous_2)
DA:3,0
DA:4,0
DA:10,0
DA:11,0
DA:14,0
DA:15,0
DA:19,0
LF:7
LH:0
BRDA:14,0,0,0
BRDA:19,1,0,0
BRF:2
BRH:0
end_of_record
TN:
SF:src\components\SiteSelector.tsx
FN:31,SiteSelector
FN:43,(anonymous_5)
FN:57,(anonymous_6)
FN:162,(anonymous_7)
FN:166,(anonymous_8)
FN:191,(anonymous_9)
FN:213,(anonymous_10)
FN:213,(anonymous_11)
FN:223,(anonymous_12)
FN:223,(anonymous_13)
FN:236,(anonymous_14)
FN:236,(anonymous_15)
FN:245,(anonymous_16)
FNF:13
FNH:11
FNDA:203,SiteSelector
FNDA:6,(anonymous_5)
FNDA:13,(anonymous_6)
FNDA:600,(anonymous_7)
FNDA:1,(anonymous_8)
FNDA:9,(anonymous_9)
FNDA:67,(anonymous_10)
FNDA:67,(anonymous_11)
FNDA:82,(anonymous_12)
FNDA:82,(anonymous_13)
FNDA:0,(anonymous_14)
FNDA:0,(anonymous_15)
FNDA:1,(anonymous_16)
DA:3,1
DA:4,1
DA:9,1
DA:16,1
DA:24,1
DA:25,1
DA:26,1
DA:27,1
DA:28,1
DA:31,14
DA:32,203
DA:33,203
DA:34,203
DA:35,203
DA:40,203
DA:43,203
DA:44,6
DA:45,0
DA:46,0
DA:50,6
DA:51,6
DA:52,1
DA:53,1
DA:57,5
DA:58,13
DA:61,5
DA:62,1
DA:63,1
DA:66,4
DA:67,4
DA:68,4
DA:70,2
DA:71,2
DA:72,2
DA:73,2
DA:74,2
DA:77,2
DA:80,2
DA:83,2
DA:85,2
DA:86,2
DA:88,2
DA:89,1
DA:90,1
DA:91,0
DA:92,1
DA:93,0
DA:94,0
DA:96,0
DA:98,1
DA:99,1
DA:101,0
DA:102,0
DA:106,2
DA:108,4
DA:112,203
DA:163,600
DA:167,1
DA:168,1
DA:191,9
DA:213,67
DA:223,82
DA:236,0
DA:245,1
LF:64
LH:55
BRDA:44,0,0,0
BRDA:44,1,0,6
BRDA:44,1,1,6
BRDA:51,2,0,1
BRDA:61,3,0,1
BRDA:70,4,0,2
BRDA:70,5,0,2
BRDA:70,5,1,2
BRDA:85,6,0,2
BRDA:85,6,1,0
BRDA:85,7,0,2
BRDA:85,7,1,2
BRDA:88,8,0,1
BRDA:88,8,1,1
BRDA:88,9,0,2
BRDA:88,9,1,2
BRDA:90,10,0,0
BRDA:90,10,1,1
BRDA:90,11,0,1
BRDA:90,11,1,1
BRDA:92,12,0,0
BRDA:92,12,1,1
BRDA:92,13,0,1
BRDA:92,13,1,1
BRDA:93,14,0,0
BRDA:93,14,1,0
BRDA:93,15,0,0
BRDA:93,15,1,0
BRDA:98,16,0,1
BRDA:101,17,0,0
BRDA:112,18,0,1
BRDA:129,19,0,2
BRDA:129,19,1,200
BRDA:133,20,0,2
BRDA:133,20,1,200
BRDA:136,21,0,2
BRDA:136,21,1,200
BRDA:138,22,0,202
BRDA:138,22,1,2
BRDA:140,23,0,202
BRDA:155,24,0,2
BRDA:155,24,1,200
BRDA:179,25,0,600
BRDA:252,26,0,202
BRDA:252,26,1,198
BRDA:252,26,2,151
BRDA:254,27,0,4
BRDA:254,27,1,198
BRF:48
BRH:39
end_of_record
TN:
SF:src\components\Table.tsx
FN:15,Tables
FN:21,(anonymous_5)
FN:41,(anonymous_6)
FN:89,(anonymous_7)
FNF:4
FNH:3
FNDA:2,Tables
FNDA:2,(anonymous_5)
FNDA:2,(anonymous_6)
FNDA:0,(anonymous_7)
DA:3,1
DA:11,1
DA:12,1
DA:13,1
DA:15,2
DA:16,2
DA:17,2
DA:18,2
DA:19,2
DA:21,2
DA:22,2
DA:23,2
DA:24,2
DA:26,2
DA:28,0
DA:29,0
DA:31,0
DA:34,2
DA:35,2
DA:37,2
DA:41,2
DA:42,2
DA:90,0
LF:23
LH:19
BRDA:28,0,0,0
BRDA:28,0,1,0
BRDA:28,1,0,0
BRDA:28,1,1,0
BRDA:58,2,0,2
BRDA:58,2,1,0
BRDA:67,3,0,0
BRDA:67,3,1,0
BRDA:81,4,0,0
BRDA:81,4,1,0
BRDA:93,5,0,0
BRDA:93,5,1,0
BRDA:94,6,0,0
BRDA:94,6,1,0
BRDA:95,7,0,0
BRDA:95,7,1,0
BRF:16
BRH:1
end_of_record
TN:
SF:src\components\UserDropdown.tsx
FN:25,UserDropdown
FN:29,(anonymous_5)
FNF:2
FNH:2
FNDA:12,UserDropdown
FNDA:1,(anonymous_5)
DA:3,1
DA:4,1
DA:5,1
DA:12,1
DA:21,1
DA:22,1
DA:25,12
DA:26,12
DA:27,12
DA:29,12
DA:30,1
DA:32,1
DA:33,1
DA:35,1
LF:14
LH:14
BRDA:48,0,0,12
BRF:1
BRH:1
end_of_record
TN:
SF:src\components\sidebar-optimized.tsx
FN:242,isRouteActive
FN:253,hasActiveSubItem
FN:255,(anonymous_9)
FN:259,NavItem
FN:276,(anonymous_11)
FN:287,(anonymous_12)
FN:307,(anonymous_13)
FN:372,(anonymous_14)
FN:376,(anonymous_15)
FN:395,SidebarRailCustom
FN:436,AppSidebar
FN:443,(anonymous_18)
FN:457,(anonymous_19)
FN:480,(anonymous_20)
FN:499,(anonymous_21)
FN:518,(anonymous_22)
FN:540,(anonymous_23)
FN:555,(anonymous_24)
FN:562,SidebarLayout
FNF:19
FNH:0
FNDA:0,isRouteActive
FNDA:0,hasActiveSubItem
FNDA:0,(anonymous_9)
FNDA:0,NavItem
FNDA:0,(anonymous_11)
FNDA:0,(anonymous_12)
FNDA:0,(anonymous_13)
FNDA:0,(anonymous_14)
FNDA:0,(anonymous_15)
FNDA:0,SidebarRailCustom
FNDA:0,AppSidebar
FNDA:0,(anonymous_18)
FNDA:0,(anonymous_19)
FNDA:0,(anonymous_20)
FNDA:0,(anonymous_21)
FNDA:0,(anonymous_22)
FNDA:0,(anonymous_23)
FNDA:0,(anonymous_24)
FNDA:0,SidebarLayout
DA:3,0
DA:4,0
DA:5,0
DA:6,0
DA:7,0
DA:8,0
DA:9,0
DA:24,0
DA:30,0
DA:46,0
DA:47,0
DA:48,0
DA:49,0
DA:65,0
DA:209,0
DA:243,0
DA:245,0
DA:246,0
DA:249,0
DA:254,0
DA:255,0
DA:270,0
DA:272,0
DA:273,0
DA:276,0
DA:277,0
DA:278,0
DA:283,0
DA:285,0
DA:287,0
DA:308,0
DA:309,0
DA:372,0
DA:373,0
DA:374,0
DA:376,0
DA:377,0
DA:381,0
DA:382,0
DA:388,0
DA:396,0
DA:436,0
DA:437,0
DA:438,0
DA:439,0
DA:440,0
DA:441,0
DA:443,0
DA:444,0
DA:448,0
DA:457,0
DA:461,0
DA:463,0
DA:481,0
DA:500,0
DA:519,0
DA:540,0
DA:555,0
DA:562,0
LF:59
LH:0
BRDA:243,0,0,0
BRDA:245,1,0,0
BRDA:254,2,0,0
BRDA:255,3,0,0
BRDA:255,3,1,0
BRDA:272,4,0,0
BRDA:272,4,1,0
BRDA:277,5,0,0
BRDA:277,6,0,0
BRDA:277,6,1,0
BRDA:285,7,0,0
BRDA:285,8,0,0
BRDA:285,8,1,0
BRDA:287,9,0,0
BRDA:287,9,1,0
BRDA:291,10,0,0
BRDA:291,10,1,0
BRDA:295,11,0,0
BRDA:297,12,0,0
BRDA:302,13,0,0
BRDA:302,13,1,0
BRDA:308,14,0,0
BRDA:308,14,1,0
BRDA:314,15,0,0
BRDA:314,15,1,0
BRDA:317,16,0,0
BRDA:317,16,1,0
BRDA:319,17,0,0
BRDA:341,18,0,0
BRDA:341,18,1,0
BRDA:346,19,0,0
BRDA:347,20,0,0
BRDA:349,21,0,0
BRDA:356,22,0,0
BRDA:356,22,1,0
BRDA:357,23,0,0
BRDA:359,24,0,0
BRDA:381,25,0,0
BRDA:389,26,0,0
BRDA:389,26,1,0
BRDA:390,27,0,0
BRDA:390,27,1,0
BRDA:461,28,0,0
BRDA:540,29,0,0
BRDA:540,29,1,0
BRF:45
BRH:0
end_of_record
TN:
SF:src\components\theme-provider.tsx
FN:6,ThemeProvider
FNF:1
FNH:0
FNDA:0,ThemeProvider
DA:3,0
DA:4,0
DA:6,0
LF:3
LH:0
BRF:0
BRH:0
end_of_record
TN:
SF:src\components\ui\alert-dialog.tsx
FNF:0
FNH:0
DA:3,0
DA:4,0
DA:6,0
DA:7,0
DA:9,0
DA:11,0
DA:13,0
DA:28,0
DA:46,0
DA:60,0
DA:74,0
DA:86,0
DA:98,0
DA:111,0
DA:127,0
DA:130,0
DA:131,0
DA:132,0
DA:133,0
DA:134,0
DA:135,0
DA:136,0
DA:137,0
DA:138,0
DA:139,0
DA:140,0
LF:26
LH:0
BRF:0
BRH:0
end_of_record
TN:
SF:src\components\ui\badge.tsx
FN:28,Badge
FNF:1
FNH:0
FNDA:0,Badge
DA:1,0
DA:2,0
DA:3,0
DA:5,0
DA:7,0
DA:35,0
DA:46,0
LF:7
LH:0
BRDA:31,0,0,0
BRDA:35,1,0,0
BRDA:35,1,1,0
BRF:3
BRH:0
end_of_record
TN:
SF:src\components\ui\button.tsx
FN:38,Button
FNF:1
FNH:1
FNDA:1075,Button
DA:1,4
DA:2,4
DA:3,4
DA:5,4
DA:7,4
DA:48,1075
DA:59,1095
LF:7
LH:7
BRDA:42,0,0,1075
BRDA:48,1,0,0
BRDA:48,1,1,1075
BRF:3
BRH:2
end_of_record
TN:
SF:src\components\ui\card.tsx
FN:5,Card
FN:18,CardHeader
FN:31,CardTitle
FN:41,CardDescription
FN:51,CardAction
FN:64,CardContent
FN:74,CardFooter
FNF:7
FNH:7
FNDA:477,Card
FNDA:477,CardHeader
FNDA:477,CardTitle
FNDA:477,CardDescription
FNDA:477,CardAction
FNDA:477,CardContent
FNDA:130,CardFooter
DA:1,2
DA:3,2
DA:85,477
DA:86,477
DA:87,130
DA:88,477
DA:89,477
DA:90,477
DA:91,477
LF:9
LH:9
BRF:0
BRH:0
end_of_record
TN:
SF:src\components\ui\chart.tsx
FN:25,useChart
FN:35,ChartContainer
FN:70,(anonymous_12)
FN:72,(anonymous_13)
FN:84,(anonymous_14)
FN:87,(anonymous_15)
FN:105,ChartTooltipContent
FN:136,(anonymous_17)
FN:188,(anonymous_18)
FN:259,ChartLegendContent
FN:285,(anonymous_20)
FN:315,getPayloadConfigFromPayload
FNF:12
FNH:0
FNDA:0,useChart
FNDA:0,ChartContainer
FNDA:0,(anonymous_12)
FNDA:0,(anonymous_13)
FNDA:0,(anonymous_14)
FNDA:0,(anonymous_15)
FNDA:0,ChartTooltipContent
FNDA:0,(anonymous_17)
FNDA:0,(anonymous_18)
FNDA:0,ChartLegendContent
FNDA:0,(anonymous_20)
FNDA:0,getPayloadConfigFromPayload
DA:3,0
DA:4,0
DA:6,0
DA:7,0
DA:23,0
DA:26,0
DA:28,0
DA:29,0
DA:32,0
DA:47,0
DA:48,0
DA:70,0
DA:71,0
DA:72,0
DA:75,0
DA:76,0
DA:84,0
DA:89,0
DA:91,0
DA:103,0
DA:134,0
DA:136,0
DA:137,0
DA:138,0
DA:141,0
DA:142,0
DA:143,0
DA:145,0
DA:149,0
DA:150,0
DA:158,0
DA:159,0
DA:173,0
DA:174,0
DA:177,0
DA:189,0
DA:190,0
DA:191,0
DA:192,0
DA:194,0
DA:256,0
DA:271,0
DA:273,0
DA:274,0
DA:286,0
DA:287,0
DA:288,0
DA:289,0
DA:320,0
DA:321,0
DA:325,0
DA:331,0
DA:333,0
DA:337,0
DA:338,0
DA:343,0
DA:348,0
DA:354,0
DA:355,0
DA:356,0
DA:357,0
DA:358,0
DA:359,0
LF:63
LH:0
BRDA:28,0,0,0
BRDA:48,1,0,0
BRDA:48,1,1,0
BRDA:72,2,0,0
BRDA:72,2,1,0
BRDA:75,3,0,0
BRDA:89,4,0,0
BRDA:89,4,1,0
BRDA:91,5,0,0
BRDA:91,5,1,0
BRDA:109,6,0,0
BRDA:110,7,0,0
BRDA:111,8,0,0
BRDA:137,9,0,0
BRDA:137,10,0,0
BRDA:137,10,1,0
BRDA:142,11,0,0
BRDA:142,11,1,0
BRDA:142,11,2,0
BRDA:142,11,3,0
BRDA:145,12,0,0
BRDA:145,12,1,0
BRDA:145,13,0,0
BRDA:145,13,1,0
BRDA:146,14,0,0
BRDA:146,14,1,0
BRDA:149,15,0,0
BRDA:150,16,0,0
BRDA:150,16,1,0
BRDA:150,17,0,0
BRDA:150,17,1,0
BRDA:158,18,0,0
BRDA:173,19,0,0
BRDA:173,20,0,0
BRDA:173,20,1,0
BRDA:177,21,0,0
BRDA:177,21,1,0
BRDA:186,22,0,0
BRDA:186,22,1,0
BRDA:190,23,0,0
BRDA:190,23,1,0
BRDA:190,23,2,0
BRDA:190,23,3,0
BRDA:190,24,0,0
BRDA:190,24,1,0
BRDA:190,25,0,0
BRDA:190,25,1,0
BRDA:192,26,0,0
BRDA:192,26,1,0
BRDA:192,26,2,0
BRDA:192,27,0,0
BRDA:192,27,1,0
BRDA:192,28,0,0
BRDA:192,28,1,0
BRDA:192,29,0,0
BRDA:192,29,1,0
BRDA:199,30,0,0
BRDA:199,30,1,0
BRDA:203,31,0,0
BRDA:202,32,0,0
BRDA:202,32,1,0
BRDA:202,32,2,0
BRDA:207,33,0,0
BRDA:209,34,0,0
BRDA:218,35,0,0
BRDA:218,35,1,0
BRDA:231,36,0,0
BRDA:231,36,1,0
BRDA:235,37,0,0
BRDA:235,37,1,0
BRDA:237,38,0,0
BRDA:237,38,1,0
BRDA:237,39,0,0
BRDA:237,39,1,0
BRDA:237,39,2,0
BRDA:237,39,3,0
BRDA:237,40,0,0
BRDA:237,40,1,0
BRDA:240,41,0,0
BRDA:196,42,0,0
BRDA:196,42,1,0
BRDA:196,43,0,0
BRDA:196,43,1,0
BRDA:261,44,0,0
BRDA:262,45,0,0
BRDA:263,46,0,0
BRDA:273,47,0,0
BRDA:281,48,0,0
BRDA:281,48,1,0
BRDA:287,49,0,0
BRDA:287,49,1,0
BRDA:287,49,2,0
BRDA:287,50,0,0
BRDA:287,50,1,0
BRDA:297,51,0,0
BRDA:296,52,0,0
BRDA:296,52,1,0
BRDA:302,53,0,0
BRDA:302,53,1,0
BRDA:306,54,0,0
BRDA:306,54,1,0
BRDA:306,55,0,0
BRDA:306,55,1,0
BRDA:306,55,2,0
BRDA:306,55,3,0
BRDA:291,56,0,0
BRDA:291,56,1,0
BRDA:291,57,0,0
BRDA:291,57,1,0
BRDA:320,58,0,0
BRDA:320,59,0,0
BRDA:320,59,1,0
BRDA:325,60,0,0
BRDA:325,60,1,0
BRDA:325,61,0,0
BRDA:325,61,1,0
BRDA:325,61,2,0
BRDA:333,62,0,0
BRDA:333,62,1,0
BRDA:334,63,0,0
BRDA:334,63,1,0
BRDA:338,64,0,0
BRDA:339,65,0,0
BRDA:339,65,1,0
BRDA:339,65,2,0
BRDA:348,66,0,0
BRDA:348,66,1,0
BRF:127
BRH:0
end_of_record
TN:
SF:src\components\ui\checkbox.tsx
FN:9,Checkbox
FNF:1
FNH:0
FNDA:0,Checkbox
DA:3,0
DA:4,0
DA:5,0
DA:7,0
DA:32,0
LF:5
LH:0
BRF:0
BRH:0
end_of_record
TN:
SF:src\components\ui\collapsible.tsx
FN:5,Collapsible
FN:11,CollapsibleTrigger
FN:22,CollapsibleContent
FNF:3
FNH:0
FNDA:0,Collapsible
FNDA:0,CollapsibleTrigger
FNDA:0,CollapsibleContent
DA:3,0
DA:33,0
LF:2
LH:0
BRF:0
BRH:0
end_of_record
TN:
SF:src\components\ui\dialog.tsx
FN:9,Dialog
FN:15,DialogTrigger
FN:21,DialogPortal
FN:27,DialogClose
FN:33,DialogOverlay
FN:49,DialogContent
FN:83,DialogHeader
FN:93,DialogFooter
FN:106,DialogTitle
FN:119,DialogDescription
FNF:10
FNH:6
FNDA:202,Dialog
FNDA:0,DialogTrigger
FNDA:202,DialogPortal
FNDA:0,DialogClose
FNDA:185,DialogOverlay
FNDA:202,DialogContent
FNDA:176,DialogHeader
FNDA:0,DialogFooter
FNDA:176,DialogTitle
FNDA:0,DialogDescription
DA:3,1
DA:4,1
DA:5,1
DA:7,1
DA:133,202
DA:134,0
DA:135,202
DA:136,0
DA:137,0
DA:138,202
DA:139,0
DA:140,0
DA:141,202
DA:142,0
LF:14
LH:8
BRDA:52,0,0,202
BRDA:69,1,0,202
BRF:2
BRH:2
end_of_record
TN:
SF:src\components\ui\dropdown-menu.tsx
FN:9,DropdownMenu
FN:15,DropdownMenuPortal
FN:23,DropdownMenuTrigger
FN:34,DropdownMenuContent
FN:54,DropdownMenuGroup
FN:62,DropdownMenuItem
FN:85,DropdownMenuCheckboxItem
FN:111,DropdownMenuRadioGroup
FN:122,DropdownMenuRadioItem
FN:146,DropdownMenuLabel
FN:166,DropdownMenuSeparator
FN:179,DropdownMenuShortcut
FN:195,DropdownMenuSub
FN:201,DropdownMenuSubTrigger
FN:225,DropdownMenuSubContent
FNF:15
FNH:6
FNDA:214,DropdownMenu
FNDA:0,DropdownMenuPortal
FNDA:214,DropdownMenuTrigger
FNDA:214,DropdownMenuContent
FNDA:0,DropdownMenuGroup
FNDA:136,DropdownMenuItem
FNDA:0,DropdownMenuCheckboxItem
FNDA:0,DropdownMenuRadioGroup
FNDA:0,DropdownMenuRadioItem
FNDA:36,DropdownMenuLabel
FNDA:72,DropdownMenuSeparator
FNDA:0,DropdownMenuShortcut
FNDA:0,DropdownMenuSub
FNDA:0,DropdownMenuSubTrigger
FNDA:0,DropdownMenuSubContent
DA:3,2
DA:4,2
DA:5,2
DA:7,2
DA:242,214
DA:243,0
DA:244,214
DA:245,214
DA:246,0
DA:247,214
DA:248,838
DA:249,0
DA:250,0
DA:251,0
DA:252,428
DA:253,0
DA:254,0
DA:255,0
DA:256,0
LF:19
LH:10
BRDA:36,0,0,214
BRDA:65,1,0,136
BRF:2
BRH:2
end_of_record
TN:
SF:src\components\ui\input.tsx
FN:5,Input
FNF:1
FNH:1
FNDA:1829,Input
DA:1,3
DA:3,3
DA:21,1907
LF:3
LH:3
BRF:0
BRH:0
end_of_record
TN:
SF:src\components\ui\label.tsx
FN:8,Label
FNF:1
FNH:1
FNDA:1829,Label
DA:3,3
DA:4,3
DA:6,3
DA:24,1907
LF:4
LH:4
BRF:0
BRH:0
end_of_record
TN:
SF:src\components\ui\select.tsx
FN:9,Select
FN:15,SelectGroup
FN:21,SelectValue
FN:27,SelectTrigger
FN:53,SelectContent
FN:88,SelectLabel
FN:101,SelectItem
FN:125,SelectSeparator
FN:138,SelectScrollUpButton
FN:156,SelectScrollDownButton
FNF:10
FNH:0
FNDA:0,Select
FNDA:0,SelectGroup
FNDA:0,SelectValue
FNDA:0,SelectTrigger
FNDA:0,SelectContent
FNDA:0,SelectLabel
FNDA:0,SelectItem
FNDA:0,SelectSeparator
FNDA:0,SelectScrollUpButton
FNDA:0,SelectScrollDownButton
DA:3,0
DA:4,0
DA:5,0
DA:7,0
DA:175,0
DA:176,0
DA:177,0
DA:178,0
DA:179,0
DA:180,0
DA:181,0
DA:182,0
DA:183,0
DA:184,0
LF:14
LH:0
BRDA:29,0,0,0
BRDA:56,1,0,0
BRDA:65,2,0,0
BRDA:65,2,1,0
BRDA:76,3,0,0
BRDA:76,3,1,0
BRF:6
BRH:0
end_of_record
TN:
SF:src\components\ui\separator.tsx
FN:8,Separator
FNF:1
FNH:0
FNDA:0,Separator
DA:3,0
DA:4,0
DA:6,0
DA:28,0
LF:4
LH:0
BRDA:10,0,0,0
BRDA:11,1,0,0
BRF:2
BRH:0
end_of_record
TN:
SF:src\components\ui\sheet.tsx
FN:9,Sheet
FN:13,SheetTrigger
FN:19,SheetClose
FN:25,SheetPortal
FN:31,SheetOverlay
FN:47,SheetContent
FN:84,SheetHeader
FN:94,SheetFooter
FN:104,SheetTitle
FN:117,SheetDescription
FNF:10
FNH:0
FNDA:0,Sheet
FNDA:0,SheetTrigger
FNDA:0,SheetClose
FNDA:0,SheetPortal
FNDA:0,SheetOverlay
FNDA:0,SheetContent
FNDA:0,SheetHeader
FNDA:0,SheetFooter
FNDA:0,SheetTitle
FNDA:0,SheetDescription
DA:3,0
DA:4,0
DA:5,0
DA:7,0
DA:131,0
DA:132,0
DA:133,0
DA:134,0
DA:135,0
DA:136,0
DA:137,0
DA:138,0
LF:12
LH:0
BRDA:50,0,0,0
BRDA:62,1,0,0
BRDA:62,1,1,0
BRDA:64,2,0,0
BRDA:64,2,1,0
BRDA:66,3,0,0
BRDA:66,3,1,0
BRDA:68,4,0,0
BRDA:68,4,1,0
BRF:9
BRH:0
end_of_record
TN:
SF:src\components\ui\sidebar.tsx
FN:47,useSidebar
FN:56,SidebarProvider
FN:77,(anonymous_30)
FN:92,(anonymous_31)
FN:93,(anonymous_32)
FN:93,(anonymous_33)
FN:97,(anonymous_34)
FN:98,(anonymous_35)
FN:109,(anonymous_36)
FN:117,(anonymous_37)
FN:154,Sidebar
FN:256,SidebarTrigger
FN:270,(anonymous_40)
FN:282,SidebarRail
FN:324,SidebarInset
FN:338,SidebarInput
FN:352,SidebarHeader
FN:363,SidebarFooter
FN:374,SidebarSeparator
FN:388,SidebarContent
FN:402,SidebarGroup
FN:413,SidebarGroupLabel
FN:434,SidebarGroupAction
FN:457,SidebarGroupContent
FN:471,SidebarMenu
FN:482,SidebarMenuItem
FN:515,SidebarMenuButton
FN:565,SidebarMenuAction
FN:597,SidebarMenuBadge
FN:619,SidebarMenuSkeleton
FN:628,(anonymous_58)
FN:656,SidebarMenuSub
FN:671,SidebarMenuSubItem
FN:685,SidebarMenuSubButton
FNF:34
FNH:0
FNDA:0,useSidebar
FNDA:0,SidebarProvider
FNDA:0,(anonymous_30)
FNDA:0,(anonymous_31)
FNDA:0,(anonymous_32)
FNDA:0,(anonymous_33)
FNDA:0,(anonymous_34)
FNDA:0,(anonymous_35)
FNDA:0,(anonymous_36)
FNDA:0,(anonymous_37)
FNDA:0,Sidebar
FNDA:0,SidebarTrigger
FNDA:0,(anonymous_40)
FNDA:0,SidebarRail
FNDA:0,SidebarInset
FNDA:0,SidebarInput
FNDA:0,SidebarHeader
FNDA:0,SidebarFooter
FNDA:0,SidebarSeparator
FNDA:0,SidebarContent
FNDA:0,SidebarGroup
FNDA:0,SidebarGroupLabel
FNDA:0,SidebarGroupAction
FNDA:0,SidebarGroupContent
FNDA:0,SidebarMenu
FNDA:0,SidebarMenuItem
FNDA:0,SidebarMenuButton
FNDA:0,SidebarMenuAction
FNDA:0,SidebarMenuBadge
FNDA:0,SidebarMenuSkeleton
FNDA:0,(anonymous_58)
FNDA:0,SidebarMenuSub
FNDA:0,SidebarMenuSubItem
FNDA:0,SidebarMenuSubButton
DA:3,0
DA:4,0
DA:5,0
DA:6,0
DA:8,0
DA:9,0
DA:10,0
DA:11,0
DA:12,0
DA:19,0
DA:20,0
DA:26,0
DA:28,0
DA:29,0
DA:30,0
DA:31,0
DA:32,0
DA:33,0
DA:45,0
DA:48,0
DA:49,0
DA:50,0
DA:53,0
DA:69,0
DA:70,0
DA:74,0
DA:75,0
DA:76,0
DA:78,0
DA:79,0
DA:80,0
DA:82,0
DA:86,0
DA:92,0
DA:93,0
DA:97,0
DA:98,0
DA:99,0
DA:103,0
DA:104,0
DA:108,0
DA:109,0
DA:114,0
DA:116,0
DA:117,0
DA:166,0
DA:168,0
DA:183,0
DA:261,0
DA:271,0
DA:272,0
DA:283,0
DA:418,0
DA:439,0
DA:493,0
DA:528,0
DA:529,0
DA:542,0
DA:543,0
DA:546,0
DA:547,0
DA:574,0
DA:628,0
DA:696,0
DA:718,0
DA:719,0
DA:720,0
DA:721,0
DA:722,0
DA:723,0
DA:724,0
DA:725,0
DA:726,0
DA:727,0
DA:728,0
DA:729,0
DA:730,0
DA:731,0
DA:732,0
DA:733,0
DA:734,0
DA:735,0
DA:736,0
DA:737,0
DA:738,0
DA:739,0
DA:740,0
DA:741,0
LF:88
LH:0
BRDA:49,0,0,0
BRDA:57,1,0,0
BRDA:75,2,0,0
BRDA:75,2,1,0
BRDA:78,3,0,0
BRDA:78,3,1,0
BRDA:79,4,0,0
BRDA:79,4,1,0
BRDA:93,5,0,0
BRDA:93,5,1,0
BRDA:99,6,0,0
BRDA:100,7,0,0
BRDA:100,7,1,0
BRDA:100,7,2,0
BRDA:114,8,0,0
BRDA:114,8,1,0
BRDA:155,9,0,0
BRDA:156,10,0,0
BRDA:157,11,0,0
BRDA:168,12,0,0
BRDA:183,13,0,0
BRDA:212,14,0,0
BRDA:212,14,1,0
BRDA:224,15,0,0
BRDA:224,15,1,0
BRDA:224,16,0,0
BRDA:224,16,1,0
BRDA:233,17,0,0
BRDA:233,17,1,0
BRDA:237,18,0,0
BRDA:237,18,1,0
BRDA:237,19,0,0
BRDA:237,19,1,0
BRDA:415,20,0,0
BRDA:418,21,0,0
BRDA:418,21,1,0
BRDA:436,22,0,0
BRDA:439,23,0,0
BRDA:439,23,1,0
BRDA:516,24,0,0
BRDA:517,25,0,0
BRDA:518,26,0,0
BRDA:519,27,0,0
BRDA:528,28,0,0
BRDA:528,28,1,0
BRDA:542,29,0,0
BRDA:546,30,0,0
BRDA:558,31,0,0
BRDA:558,31,1,0
BRDA:567,32,0,0
BRDA:568,33,0,0
BRDA:574,34,0,0
BRDA:574,34,1,0
BRDA:588,35,0,0
BRDA:588,35,1,0
BRDA:621,36,0,0
BRDA:637,37,0,0
BRDA:686,38,0,0
BRDA:687,39,0,0
BRDA:688,40,0,0
BRDA:696,41,0,0
BRDA:696,41,1,0
BRDA:707,42,0,0
BRDA:707,42,1,0
BRDA:708,43,0,0
BRDA:708,43,1,0
BRF:66
BRH:0
end_of_record
TN:
SF:src\components\ui\skeleton.tsx
FN:3,Skeleton
FNF:1
FNH:0
FNDA:0,Skeleton
DA:1,0
DA:13,0
LF:2
LH:0
BRF:0
BRH:0
end_of_record
TN:
SF:src\components\ui\sonner.tsx
FN:6,(anonymous_1)
FNF:1
FNH:0
FNDA:0,(anonymous_1)
DA:3,0
DA:4,0
DA:6,0
DA:7,0
DA:25,0
LF:5
LH:0
BRDA:7,0,0,0
BRF:1
BRH:0
end_of_record
TN:
SF:src\components\ui\switch.tsx
FN:8,Switch
FNF:1
FNH:0
FNDA:0,Switch
DA:3,0
DA:4,0
DA:6,0
DA:31,0
LF:4
LH:0
BRF:0
BRH:0
end_of_record
TN:
SF:src\components\ui\table.tsx
FN:7,Table
FN:22,TableHeader
FN:32,TableBody
FN:42,TableFooter
FN:55,TableRow
FN:68,TableHead
FN:81,TableCell
FN:94,TableCaption
FNF:8
FNH:6
FNDA:2,Table
FNDA:2,TableHeader
FNDA:2,TableBody
FNDA:0,TableFooter
FNDA:4,TableRow
FNDA:12,TableHead
FNDA:2,TableCell
FNDA:0,TableCaption
DA:3,1
DA:5,1
DA:108,2
DA:109,2
DA:110,2
DA:111,0
DA:112,12
DA:113,4
DA:114,2
DA:115,0
LF:10
LH:8
BRF:0
BRH:0
end_of_record
TN:
SF:src\components\ui\theme-style.tsx
FN:20,ThemeStyle
FN:23,(anonymous_3)
FN:33,(anonymous_4)
FN:36,(anonymous_5)
FNF:4
FNH:0
FNDA:0,ThemeStyle
FNDA:0,(anonymous_3)
FNDA:0,(anonymous_4)
FNDA:0,(anonymous_5)
DA:1,1
DA:2,1
DA:20,0
DA:22,0
DA:23,0
DA:26,0
DA:33,0
DA:37,0
DA:38,0
LF:9
LH:2
BRDA:23,0,0,0
BRDA:23,0,1,0
BRDA:26,1,0,0
BRDA:37,2,0,0
BRDA:37,2,1,0
BRDA:38,3,0,0
BRDA:38,3,1,0
BRF:7
BRH:0
end_of_record
TN:
SF:src\components\ui\theme.ts
FNF:0
FNH:0
DA:3,1
LF:1
LH:1
BRF:0
BRH:0
end_of_record
TN:
SF:src\components\ui\tooltip.tsx
FN:8,TooltipProvider
FN:21,Tooltip
FN:31,TooltipTrigger
FN:37,TooltipContent
FNF:4
FNH:0
FNDA:0,TooltipProvider
FNDA:0,Tooltip
FNDA:0,TooltipTrigger
FNDA:0,TooltipContent
DA:3,0
DA:4,0
DA:6,0
DA:61,0
LF:4
LH:0
BRDA:9,0,0,0
BRDA:39,1,0,0
BRF:2
BRH:0
end_of_record
TN:
SF:src\constants\app.ts
FNF:0
FNH:0
DA:11,0
DA:12,0
DA:17,0
DA:18,0
DA:23,0
DA:24,0
DA:30,0
DA:41,0
DA:51,0
DA:61,0
DA:68,0
DA:83,0
DA:92,0
DA:104,0
DA:112,0
DA:123,0
DA:139,0
DA:154,0
DA:163,0
DA:173,0
DA:187,0
DA:197,0
LF:22
LH:0
BRDA:11,0,0,0
BRDA:11,0,1,0
BRDA:17,1,0,0
BRDA:17,1,1,0
BRDA:18,2,0,0
BRDA:18,2,1,0
BRDA:23,3,0,0
BRDA:23,3,1,0
BRF:8
BRH:0
end_of_record
TN:
SF:src\contexts\AuthContext.tsx
FN:26,(anonymous_9)
FN:34,(anonymous_10)
FN:57,(anonymous_11)
FN:58,(anonymous_12)
FN:75,(anonymous_13)
FN:108,(anonymous_14)
FN:135,(anonymous_15)
FN:189,(anonymous_16)
FN:203,(anonymous_17)
FN:207,(anonymous_18)
FN:220,(anonymous_19)
FN:224,(anonymous_20)
FNF:12
FNH:8
FNDA:22,(anonymous_9)
FNDA:8,(anonymous_10)
FNDA:8,(anonymous_11)
FNDA:8,(anonymous_12)
FNDA:2,(anonymous_13)
FNDA:1,(anonymous_14)
FNDA:1,(anonymous_15)
FNDA:22,(anonymous_16)
FNDA:0,(anonymous_17)
FNDA:0,(anonymous_18)
FNDA:0,(anonymous_19)
FNDA:0,(anonymous_20)
DA:3,2
DA:4,2
DA:5,2
DA:6,2
DA:20,2
DA:26,9
DA:27,22
DA:28,22
DA:34,22
DA:35,8
DA:36,8
DA:37,8
DA:39,7
DA:40,3
DA:41,3
DA:43,4
DA:44,4
DA:47,1
DA:48,1
DA:49,1
DA:57,22
DA:58,8
DA:59,8
DA:61,8
DA:64,8
DA:66,8
DA:69,8
DA:75,22
DA:76,2
DA:77,2
DA:78,2
DA:80,2
DA:81,2
DA:87,2
DA:88,0
DA:89,0
DA:90,0
DA:92,2
DA:93,2
DA:96,0
DA:97,0
DA:98,0
DA:103,2
DA:108,22
DA:109,1
DA:110,1
DA:111,1
DA:113,1
DA:114,0
DA:115,0
DA:117,1
DA:120,0
DA:121,0
DA:122,0
DA:127,1
DA:135,22
DA:136,1
DA:139,1
DA:141,1
DA:143,1
DA:148,0
DA:152,1
DA:154,1
DA:155,1
DA:159,1
DA:163,22
DA:164,22
DA:165,22
DA:167,22
DA:189,23
DA:190,22
DA:192,22
DA:193,0
DA:196,22
DA:203,2
DA:204,0
DA:205,0
DA:207,0
DA:208,0
DA:210,0
DA:214,0
DA:220,2
DA:221,0
DA:222,0
DA:224,0
DA:225,0
DA:227,0
DA:231,0
DA:234,2
LF:89
LH:64
BRDA:39,0,0,3
BRDA:39,0,1,4
BRDA:39,1,0,7
BRDA:39,1,1,3
BRDA:87,2,0,0
BRDA:87,2,1,2
BRDA:87,3,0,2
BRDA:87,3,1,0
BRDA:93,4,0,2
BRDA:93,4,1,1
BRDA:97,5,0,0
BRDA:97,5,1,0
BRDA:113,6,0,0
BRDA:113,6,1,1
BRDA:113,7,0,1
BRDA:113,7,1,0
BRDA:117,8,0,1
BRDA:117,8,1,1
BRDA:121,9,0,0
BRDA:121,9,1,0
BRDA:152,10,0,1
BRDA:164,11,0,22
BRDA:164,11,1,22
BRDA:192,12,0,0
BRDA:208,13,0,0
BRDA:208,14,0,0
BRDA:208,14,1,0
BRDA:225,15,0,0
BRDA:225,16,0,0
BRDA:225,16,1,0
BRF:30
BRH:15
end_of_record
TN:
SF:src\contexts\SiteContext.tsx
FN:17,(anonymous_3)
FN:29,(anonymous_4)
FN:39,(anonymous_5)
FN:55,(anonymous_6)
FN:67,(anonymous_7)
FN:87,(anonymous_8)
FN:91,(anonymous_9)
FN:109,(anonymous_10)
FN:114,(anonymous_11)
FN:120,(anonymous_12)
FNF:10
FNH:0
FNDA:0,(anonymous_3)
FNDA:0,(anonymous_4)
FNDA:0,(anonymous_5)
FNDA:0,(anonymous_6)
FNDA:0,(anonymous_7)
FNDA:0,(anonymous_8)
FNDA:0,(anonymous_9)
FNDA:0,(anonymous_10)
FNDA:0,(anonymous_11)
FNDA:0,(anonymous_12)
DA:2,1
DA:3,1
DA:15,1
DA:17,1
DA:18,0
DA:19,0
DA:20,0
DA:22,0
DA:29,1
DA:30,0
DA:31,0
DA:32,0
DA:33,0
DA:39,0
DA:40,0
DA:42,0
DA:43,0
DA:45,0
DA:46,0
DA:49,0
DA:50,0
DA:55,0
DA:56,0
DA:57,0
DA:58,0
DA:59,0
DA:60,0
DA:63,0
DA:64,0
DA:65,0
DA:66,0
DA:67,0
DA:69,0
DA:70,0
DA:71,0
DA:73,0
DA:74,0
DA:80,0
DA:82,0
DA:83,0
DA:87,0
DA:88,0
DA:91,0
DA:92,0
DA:93,0
DA:94,0
DA:95,0
DA:97,0
DA:99,0
DA:102,0
DA:103,0
DA:105,0
DA:109,0
DA:110,0
DA:114,0
DA:115,0
DA:117,0
DA:118,0
DA:119,0
DA:120,0
DA:121,0
DA:122,0
DA:123,0
DA:130,0
LF:64
LH:5
BRDA:19,0,0,0
BRDA:42,1,0,0
BRDA:43,2,0,0
BRDA:43,2,1,0
BRDA:59,3,0,0
BRDA:63,4,0,0
BRDA:65,5,0,0
BRDA:69,6,0,0
BRDA:69,6,1,0
BRDA:95,7,0,0
BRDA:95,8,0,0
BRDA:95,8,1,0
BRDA:115,9,0,0
BRDA:115,10,0,0
BRDA:115,10,1,0
BRDA:115,10,2,0
BRDA:117,11,0,0
BRDA:119,12,0,0
BRDA:121,13,0,0
BRF:19
BRH:0
end_of_record
TN:
SF:src\hooks\use-mobile.ts
FN:5,useIsMobile
FN:8,(anonymous_5)
FN:10,(anonymous_6)
FN:15,(anonymous_7)
FNF:4
FNH:0
FNDA:0,useIsMobile
FNDA:0,(anonymous_5)
FNDA:0,(anonymous_6)
FNDA:0,(anonymous_7)
DA:1,0
DA:3,0
DA:5,0
DA:6,0
DA:8,0
DA:9,0
DA:10,0
DA:11,0
DA:13,0
DA:14,0
DA:15,0
DA:18,0
LF:12
LH:0
BRF:0
BRH:0
end_of_record
TN:
SF:src\hooks\usePushNotifications.ts
FN:17,(anonymous_1)
FN:24,(anonymous_2)
FN:26,(anonymous_3)
FN:42,(anonymous_4)
FN:57,(anonymous_5)
FN:84,(anonymous_6)
FN:96,(anonymous_7)
FN:97,(anonymous_8)
FN:107,(anonymous_9)
FN:108,(anonymous_10)
FN:134,(anonymous_11)
FN:249,(anonymous_12)
FN:292,urlBase64ToUint8Array
FN:310,arrayBufferToBase64
FNF:14
FNH:10
FNDA:28,(anonymous_1)
FNDA:9,(anonymous_2)
FNDA:9,(anonymous_3)
FNDA:9,(anonymous_4)
FNDA:3,(anonymous_5)
FNDA:5,(anonymous_6)
FNDA:0,(anonymous_7)
FNDA:0,(anonymous_8)
FNDA:0,(anonymous_9)
FNDA:0,(anonymous_10)
FNDA:5,(anonymous_11)
FNDA:1,(anonymous_12)
FNDA:3,urlBase64ToUint8Array
FNDA:6,arrayBufferToBase64
DA:3,1
DA:4,1
DA:17,28
DA:18,28
DA:19,28
DA:20,28
DA:21,28
DA:22,28
DA:24,28
DA:26,9
DA:27,9
DA:28,9
DA:30,9
DA:31,9
DA:32,9
DA:36,9
DA:42,28
DA:43,9
DA:44,9
DA:45,9
DA:46,9
DA:47,9
DA:50,0
DA:57,28
DA:58,3
DA:59,0
DA:60,0
DA:63,3
DA:64,3
DA:65,3
DA:67,3
DA:68,2
DA:69,2
DA:71,1
DA:72,1
DA:75,0
DA:76,0
DA:77,0
DA:84,28
DA:85,5
DA:86,5
DA:87,5
DA:91,3
DA:94,3
DA:95,0
DA:96,0
DA:97,0
DA:98,0
DA:99,0
DA:100,0
DA:104,3
DA:105,0
DA:106,0
DA:107,0
DA:108,0
DA:109,0
DA:110,0
DA:113,3
DA:114,3
DA:118,3
DA:119,3
DA:121,3
DA:123,0
DA:125,2
DA:126,2
DA:127,2
DA:134,28
DA:135,5
DA:136,0
DA:137,0
DA:140,5
DA:141,5
DA:143,5
DA:145,5
DA:146,1
DA:147,1
DA:148,0
DA:153,5
DA:154,5
DA:155,2
DA:156,2
DA:160,3
DA:163,3
DA:164,3
DA:165,3
DA:167,3
DA:168,0
DA:169,0
DA:170,0
DA:173,3
DA:174,3
DA:176,0
DA:177,0
DA:178,0
DA:179,0
DA:183,3
DA:186,3
DA:187,0
DA:188,0
DA:189,0
DA:192,3
DA:193,3
DA:196,3
DA:197,0
DA:198,0
DA:199,0
DA:203,3
DA:204,3
DA:208,3
DA:211,3
DA:212,3
DA:220,3
DA:223,3
DA:224,3
DA:225,3
DA:227,3
DA:228,3
DA:229,3
DA:230,3
DA:232,0
DA:233,0
DA:237,0
DA:238,0
DA:239,0
DA:240,0
DA:242,5
DA:249,28
DA:250,1
DA:251,1
DA:253,1
DA:254,1
DA:255,1
DA:256,1
DA:258,1
DA:259,1
DA:260,1
DA:261,1
DA:262,1
DA:266,0
DA:268,0
DA:269,0
DA:270,0
DA:271,0
DA:273,1
DA:277,28
DA:293,3
DA:294,3
DA:298,3
DA:299,3
DA:301,3
DA:302,195
DA:304,3
DA:311,6
DA:312,6
DA:313,6
DA:314,48
DA:316,6
LF:157
LH:111
BRDA:27,0,0,9
BRDA:27,0,1,9
BRDA:27,0,2,9
BRDA:30,1,0,9
BRDA:44,2,0,9
BRDA:58,3,0,0
BRDA:67,4,0,2
BRDA:67,4,1,1
BRDA:86,5,0,5
BRDA:94,6,0,0
BRDA:94,6,1,3
BRDA:98,7,0,0
BRDA:104,8,0,0
BRDA:104,8,1,3
BRDA:113,9,0,3
BRDA:135,10,0,0
BRDA:145,11,0,1
BRDA:147,12,0,0
BRDA:154,13,0,2
BRDA:167,14,0,0
BRDA:177,15,0,0
BRDA:177,15,1,0
BRDA:186,16,0,0
BRDA:186,17,0,3
BRDA:186,17,1,3
BRDA:196,18,0,0
BRDA:227,19,0,3
BRDA:227,19,1,0
BRDA:238,20,0,0
BRDA:238,20,1,0
BRDA:254,21,0,1
BRDA:258,22,0,1
BRDA:269,23,0,0
BRDA:269,23,1,0
BRF:34
BRH:18
end_of_record
TN:
SF:src\lib\auth-server.ts
FN:15,createSession
FN:34,getSession
FN:63,deleteSession
FN:72,verifySession
FN:86,verifyAdmin
FNF:5
FNH:0
FNDA:0,createSession
FNDA:0,getSession
FNDA:0,deleteSession
FNDA:0,verifySession
FNDA:0,verifyAdmin
DA:6,0
DA:7,0
DA:8,0
DA:15,0
DA:16,0
DA:19,0
DA:21,0
DA:34,0
DA:35,0
DA:36,0
DA:38,0
DA:39,0
DA:42,0
DA:43,0
DA:46,0
DA:47,0
DA:48,0
DA:51,0
DA:53,0
DA:54,0
DA:55,0
DA:63,0
DA:64,0
DA:65,0
DA:72,0
DA:73,0
DA:75,0
DA:76,0
DA:79,0
DA:86,0
DA:87,0
DA:89,0
DA:90,0
DA:93,0
LF:34
LH:0
BRDA:38,0,0,0
BRDA:46,1,0,0
BRDA:75,2,0,0
BRDA:89,3,0,0
BRDA:89,4,0,0
BRDA:89,4,1,0
BRF:6
BRH:0
end_of_record
TN:
SF:src\lib\auth.ts
FN:22,checkAuth
FNF:1
FNH:1
FNDA:8,checkAuth
DA:22,9
DA:23,8
DA:24,8
DA:29,7
DA:30,5
DA:31,4
DA:37,2
DA:42,2
DA:43,2
LF:9
LH:9
BRDA:29,0,0,5
BRF:1
BRH:1
end_of_record
TN:
SF:src\lib\csrf.ts
FN:12,generateCSRFToken
FN:30,validateCSRFToken
FN:48,getCSRFToken
FNF:3
FNH:1
FNDA:0,generateCSRFToken
FNDA:0,validateCSRFToken
FNDA:15,getCSRFToken
DA:6,1
DA:7,1
DA:12,0
DA:13,0
DA:14,0
DA:16,0
DA:24,0
DA:30,0
DA:31,0
DA:32,0
DA:35,0
DA:36,0
DA:38,0
DA:39,0
DA:42,0
DA:48,15
DA:49,15
DA:50,15
DA:55,14
DA:56,6
DA:57,5
DA:60,8
DA:62,2
DA:63,2
LF:24
LH:11
BRDA:31,0,0,0
BRDA:38,1,0,0
BRDA:55,2,0,6
BRF:3
BRH:1
end_of_record
TN:
SF:src\lib\utils.ts
FN:4,cn
FNF:1
FNH:1
FNDA:8946,cn
DA:1,5
DA:2,5
DA:4,8946
DA:5,8946
LF:4
LH:4
BRF:0
BRH:0
end_of_record
TN:
SF:src\services\api-client.ts
FN:14,(anonymous_5)
FN:21,(anonymous_6)
FN:42,(anonymous_7)
FN:60,(anonymous_8)
FN:64,(anonymous_9)
FN:111,(anonymous_10)
FN:115,(anonymous_11)
FN:122,(anonymous_12)
FN:129,(anonymous_13)
FN:136,(anonymous_14)
FN:182,(anonymous_15)
FNF:11
FNH:11
FNDA:13,(anonymous_5)
FNDA:1,(anonymous_6)
FNDA:1,(anonymous_7)
FNDA:6,(anonymous_8)
FNDA:11,(anonymous_9)
FNDA:8,(anonymous_10)
FNDA:1,(anonymous_11)
FNDA:1,(anonymous_12)
FNDA:1,(anonymous_13)
FNDA:2,(anonymous_14)
FNDA:3,(anonymous_15)
DA:8,6
DA:13,6
DA:15,13
DA:16,13
DA:18,0
DA:22,1
DA:24,1
DA:27,1
DA:28,1
DA:30,1
DA:37,1
DA:38,1
DA:43,1
DA:45,1
DA:48,1
DA:49,1
DA:57,0
DA:61,6
DA:68,11
DA:69,11
DA:71,11
DA:75,11
DA:76,8
DA:79,11
DA:87,11
DA:88,11
DA:89,10
DA:91,8
DA:93,3
DA:94,3
DA:96,3
DA:97,3
DA:98,3
DA:99,3
DA:101,3
DA:104,5
DA:106,6
DA:107,6
DA:112,8
DA:116,1
DA:123,1
DA:130,1
DA:137,2
DA:139,2
DA:146,2
DA:147,2
DA:148,2
DA:149,2
DA:151,2
DA:152,2
DA:154,2
DA:155,1
DA:156,1
DA:158,1
DA:159,1
DA:160,1
DA:161,1
DA:163,1
DA:164,1
DA:167,1
DA:169,1
DA:170,1
DA:176,6
DA:177,19
DA:182,6
DA:183,3
DA:184,3
DA:185,2
DA:187,1
DA:188,1
LF:70
LH:68
BRDA:8,0,0,6
BRDA:8,0,1,0
BRDA:15,1,0,13
BRDA:22,2,0,1
BRDA:43,3,0,1
BRDA:66,4,0,0
BRDA:75,5,0,8
BRDA:91,6,0,3
BRDA:93,7,0,3
BRDA:93,7,1,2
BRDA:93,7,2,1
BRDA:94,8,0,3
BRDA:94,8,1,1
BRDA:99,9,0,3
BRDA:99,9,1,3
BRDA:118,10,0,1
BRDA:118,10,1,0
BRDA:125,11,0,1
BRDA:125,11,1,0
BRDA:154,12,0,1
BRDA:155,13,0,1
BRDA:155,13,1,0
BRDA:155,13,2,0
BRDA:156,14,0,1
BRDA:156,14,1,1
BRDA:161,15,0,1
BRDA:161,15,1,1
BRF:27
BRH:21
end_of_record
TN:
SF:src\services\api.ts
FNF:0
FNH:0
DA:20,5
DA:21,1
LF:2
LH:2
BRF:0
BRH:0
end_of_record
TN:
SF:src\services\auth.service.ts
FN:13,(anonymous_4)
FN:26,(anonymous_5)
FN:39,(anonymous_6)
FN:46,(anonymous_7)
FN:56,(anonymous_8)
FNF:5
FNH:5
FNDA:3,(anonymous_4)
FNDA:3,(anonymous_5)
FNDA:2,(anonymous_6)
FNDA:3,(anonymous_7)
FNDA:1,(anonymous_8)
DA:6,6
DA:9,13
DA:14,3
DA:16,2
DA:17,1
DA:20,2
DA:27,3
DA:29,2
DA:30,1
DA:33,2
DA:40,2
DA:47,3
DA:57,1
LF:13
LH:13
BRDA:16,0,0,1
BRDA:29,1,0,1
BRF:2
BRH:2
end_of_record
TN:
SF:src\services\campaigns.service.ts
FN:13,(anonymous_2)
FN:45,(anonymous_3)
FN:52,(anonymous_4)
FN:59,(anonymous_5)
FN:66,(anonymous_6)
FN:73,(anonymous_7)
FN:80,(anonymous_8)
FN:87,(anonymous_9)
FNF:8
FNH:8
FNDA:4,(anonymous_2)
FNDA:2,(anonymous_3)
FNDA:2,(anonymous_4)
FNDA:1,(anonymous_5)
FNDA:1,(anonymous_6)
FNDA:1,(anonymous_7)
FNDA:1,(anonymous_8)
FNDA:2,(anonymous_9)
DA:6,6
DA:9,15
DA:28,4
DA:30,4
DA:31,4
DA:32,4
DA:33,4
DA:34,4
DA:36,4
DA:37,4
DA:39,4
DA:46,2
DA:53,2
DA:60,1
DA:67,1
DA:74,1
DA:81,1
DA:92,2
LF:18
LH:18
BRDA:30,0,0,2
BRDA:31,1,0,1
BRDA:32,2,0,1
BRDA:33,3,0,1
BRDA:34,4,0,2
BRDA:37,5,0,2
BRDA:37,5,1,2
BRF:7
BRH:7
end_of_record
TN:
SF:src\services\dashboard.service.ts
FN:22,(anonymous_2)
FN:30,(anonymous_3)
FN:40,(anonymous_4)
FN:52,(anonymous_5)
FN:59,(anonymous_6)
FN:69,(anonymous_7)
FN:99,(anonymous_8)
FNF:7
FNH:7
FNDA:3,(anonymous_2)
FNDA:4,(anonymous_3)
FNDA:6,(anonymous_4)
FNDA:2,(anonymous_5)
FNDA:4,(anonymous_6)
FNDA:6,(anonymous_7)
FNDA:2,(anonymous_8)
DA:6,6
DA:18,28
DA:23,3
DA:24,3
DA:31,4
DA:32,4
DA:33,4
DA:34,4
DA:41,6
DA:42,6
DA:43,6
DA:44,6
DA:45,6
DA:53,2
DA:60,4
DA:61,4
DA:62,4
DA:63,4
DA:83,6
DA:85,6
DA:86,6
DA:87,6
DA:88,6
DA:90,6
DA:91,6
DA:93,6
DA:104,2
LF:27
LH:27
BRDA:23,0,0,1
BRDA:23,0,1,2
BRDA:30,1,0,2
BRDA:33,2,0,1
BRDA:40,3,0,2
BRDA:40,4,0,2
BRDA:44,5,0,3
BRDA:59,6,0,2
BRDA:62,7,0,1
BRDA:85,8,0,2
BRDA:86,9,0,2
BRDA:87,10,0,2
BRDA:88,11,0,2
BRDA:91,12,0,4
BRDA:91,12,1,2
BRF:15
BRH:15
end_of_record
TN:
SF:src\services\index.ts
FNF:0
FNH:0
DA:8,5
DA:11,5
DA:12,5
DA:13,5
DA:14,5
DA:15,5
DA:16,5
DA:17,5
DA:18,5
DA:65,5
LF:10
LH:10
BRF:0
BRH:0
end_of_record
TN:
SF:src\services\optins.service.ts
FN:13,(anonymous_2)
FN:26,(anonymous_3)
FN:33,(anonymous_4)
FN:40,(anonymous_5)
FN:47,(anonymous_6)
FN:54,(anonymous_7)
FNF:6
FNH:0
FNDA:0,(anonymous_2)
FNDA:0,(anonymous_3)
FNDA:0,(anonymous_4)
FNDA:0,(anonymous_5)
FNDA:0,(anonymous_6)
FNDA:0,(anonymous_7)
DA:6,5
DA:9,5
DA:14,0
DA:15,0
DA:17,0
DA:18,0
DA:20,0
DA:27,0
DA:34,0
DA:41,0
DA:48,0
DA:63,0
DA:64,0
DA:65,0
DA:67,0
DA:68,0
LF:16
LH:2
BRDA:15,0,0,0
BRDA:18,1,0,0
BRDA:18,1,1,0
BRDA:56,2,0,0
BRDA:65,3,0,0
BRF:5
BRH:0
end_of_record
TN:
SF:src\services\push.service.ts
FN:13,(anonymous_2)
FN:20,(anonymous_3)
FN:27,(anonymous_4)
FNF:3
FNH:0
FNDA:0,(anonymous_2)
FNDA:0,(anonymous_3)
FNDA:0,(anonymous_4)
DA:6,5
DA:9,5
DA:14,0
DA:21,0
DA:40,0
LF:5
LH:2
BRF:0
BRH:0
end_of_record
TN:
SF:src\services\segments.service.ts
FN:13,(anonymous_2)
FN:38,(anonymous_3)
FN:45,(anonymous_4)
FN:52,(anonymous_5)
FN:59,(anonymous_6)
FN:66,(anonymous_7)
FNF:6
FNH:6
FNDA:10,(anonymous_2)
FNDA:2,(anonymous_3)
FNDA:2,(anonymous_4)
FNDA:3,(anonymous_5)
FNDA:3,(anonymous_6)
FNDA:7,(anonymous_7)
DA:6,6
DA:9,28
DA:22,10
DA:24,10
DA:25,10
DA:26,10
DA:27,10
DA:29,10
DA:30,10
DA:32,10
DA:39,2
DA:46,2
DA:53,3
DA:60,3
DA:73,7
DA:75,7
DA:76,7
DA:78,7
DA:79,7
DA:81,7
LF:20
LH:20
BRDA:24,0,0,2
BRDA:25,1,0,3
BRDA:26,2,0,2
BRDA:27,3,0,2
BRDA:30,4,0,6
BRDA:30,4,1,4
BRDA:75,5,0,2
BRDA:76,6,0,3
BRDA:79,7,0,4
BRDA:79,7,1,3
BRF:10
BRH:10
end_of_record
TN:
SF:src\services\sites.service.ts
FN:13,(anonymous_2)
FN:33,(anonymous_3)
FN:44,(anonymous_4)
FN:51,(anonymous_5)
FN:58,(anonymous_6)
FNF:5
FNH:5
FNDA:12,(anonymous_2)
FNDA:4,(anonymous_3)
FNDA:2,(anonymous_4)
FNDA:4,(anonymous_5)
FNDA:3,(anonymous_6)
DA:6,5
DA:9,26
DA:19,12
DA:21,12
DA:22,12
DA:23,12
DA:24,12
DA:26,12
DA:27,12
DA:38,4
DA:45,2
DA:52,4
DA:59,3
LF:13
LH:13
BRDA:21,0,0,2
BRDA:22,1,0,3
BRDA:23,2,0,2
BRDA:24,3,0,3
BRDA:26,4,0,7
BRDA:26,4,1,5
BRF:6
BRH:6
end_of_record
TN:
SF:src\services\users.service.ts
FN:13,(anonymous_2)
FN:35,(anonymous_3)
FN:42,(anonymous_4)
FN:49,(anonymous_5)
FNF:4
FNH:4
FNDA:10,(anonymous_2)
FNDA:2,(anonymous_3)
FNDA:3,(anonymous_4)
FNDA:2,(anonymous_5)
DA:6,6
DA:9,18
DA:20,10
DA:22,10
DA:23,10
DA:24,10
DA:25,10
DA:26,10
DA:28,10
DA:29,10
DA:36,2
DA:43,3
DA:50,2
LF:13
LH:13
BRDA:22,0,0,2
BRDA:23,1,0,3
BRDA:24,2,0,2
BRDA:25,3,0,3
BRDA:26,4,0,2
BRDA:28,5,0,7
BRDA:28,5,1,3
BRF:7
BRH:7
end_of_record
TN:
SF:src\types\enhanced.ts
FN:199,(anonymous_7)
FN:204,(anonymous_8)
FN:213,(anonymous_9)
FN:218,(anonymous_10)
FN:228,(anonymous_11)
FNF:5
FNH:0
FNDA:0,(anonymous_7)
FNDA:0,(anonymous_8)
FNDA:0,(anonymous_9)
FNDA:0,(anonymous_10)
FNDA:0,(anonymous_11)
DA:165,0
DA:199,0
DA:200,0
DA:201,0
DA:204,0
DA:205,0
DA:206,0
DA:207,0
DA:209,0
DA:213,0
DA:214,0
DA:218,0
DA:219,0
DA:228,0
DA:229,0
DA:232,0
DA:235,0
DA:236,0
DA:240,0
LF:19
LH:0
BRDA:220,0,0,0
BRDA:220,0,1,0
BRDA:220,0,2,0
BRDA:220,0,3,0
BRDA:220,0,4,0
BRDA:229,1,0,0
BRDA:232,2,0,0
BRDA:235,3,0,0
BRF:8
BRH:0
end_of_record
